This file contains any messages produced by compilers while
running configure, to aid debugging if configure makes a mistake.

It was created by file configure 4.26, which was
generated by GNU Autoconf 2.61.  Invocation command line was

  $ ./configure 

## --------- ##
## Platform. ##
## --------- ##

hostname = bubbles
uname -m = i86pc
uname -r = 5.10
uname -s = SunOS
uname -v = Generic_118855-33

/usr/bin/uname -p = i386
/bin/uname -X     = System = SunOS
Node = bubbles
Release = 5.10
KernelID = Generic_118855-33
Machine = i86pc
BusType = <unknown>
Serial = <unknown>
Users = <unknown>
OEM# = 0
Origin# = 1
NumCPU = 2

/bin/arch              = i86pc
/usr/bin/arch -k       = i86pc
/usr/convex/getsysinfo = unknown
/usr/bin/hostinfo      = unknown
/bin/machine           = unknown
/usr/bin/oslevel       = unknown
/bin/universe          = unknown

PATH: /usr/bin
PATH: /usr/local/bin
PATH: /usr/ccs/bin


## ----------- ##
## Core tests. ##
## ----------- ##

configure:1988: checking for a BSD-compatible install
configure:2044: result: ./install-sh -c
configure:2055: checking whether build environment is sane
configure:2098: result: yes
configure:2126: checking for a thread-safe mkdir -p
configure:2165: result: ./install-sh -c -d
configure:2178: checking for gawk
configure:2208: result: no
configure:2178: checking for mawk
configure:2208: result: no
configure:2178: checking for nawk
configure:2194: found /usr/bin/nawk
configure:2205: result: nawk
configure:2216: checking whether make sets $(MAKE)
configure:2237: result: yes
configure:2428: checking for builtin ELF support
configure:2447: result: yes
configure:2458: checking for ELF core file support
configure:2477: result: yes
configure:2488: checking for file formats in man section 5
configure:2504: result: no
configure:2577: checking for gcc
configure:2604: result: CC
configure:2842: checking for C compiler version
configure:2849: CC --version >&5
CC: Warning: Option --version passed to ld, if ld is invoked, ignored otherwise
/usr/ccs/bin/ld: illegal option -- version
usage: ld [-6:abc:d:e:f:h:il:mo:p:rstu:z:B:CD:F:GI:L:M:N:P:Q:R:S:VY:?] file(s)
	[-64]		enforce a 64-bit link-edit
	[-a]		create an absolute file
	[-b]		do not do special PIC relocations in a.out
	[-B direct | nodirect]
			establish direct bindings, or inhibit direct binding
			to, the object being created
	[-B dynamic | static]
			search for shared libraries|archives
	[-B eliminate]	eliminate unqualified global symbols from the
			symbol table
	[-B group]	relocate object from within group
	[-B local]	reduce unqualified global symbols to local
	[-B reduce]	process symbol reductions
	[-B symbolic]	bind external references to definitions when creating
			shared objects
	[-c name]	record configuration file `name'
	[-C]		demangle C++ symbol name diagnostics
	[-d y | n]	operate in dynamic|static mode
	[-D token,...]	print diagnostic messages
	[-e epsym]	use `epsym' as entry point address
	[-f name]	specify library for which this file is an auxiliary
			filter
	[-F name]	specify library for which this file is a filter
	[-G]		create a shared object
	[-h name]	use `name' as internal shared object identifier
	[-i]		ignore LD_LIBRARY_PATH setting
	[-I name]	use `name' as path of interpreter
	[-l x]		search for libx.so or libx.a
	[-L path]	search for libraries in directory `path'
	[-m]		print memory map
	[-M mapfile]	use processing directives contained in `mapfile'
	[-N string]	create a dynamic dependency for `string'
	[-o outfile]	name the output file `outfile'
	[-p auditlib]	identify audit library to accompany this object
	[-P auditlib]	identify audit library for processing the dependencies
			of this object
	[-Q y | n]	do|do not place version information in output file
	[-r]		create a relocatable object
	[-R path]	specify a library search path to be used at run time
	[-s]		strip any symbol and debugging information
	[-S supportlib]
			specify a link-edit support library
	[-t]		do not warn of multiply-defined symbols that have
			different sizes or alignments
	[-u symname]	create an undefined symbol `symname'
	[-V]		print version information
	[-Y P,dirlist]	use `dirlist' as a default path when searching for
			libraries
	[-z absexec]	when building an executable absolute symbols
 			referenced in dynamic objects are promoted to
 			the executable
	[-z allextract | defaultextract | weakextract]
			extract all member files, only members that resolve
			undefined tor tentative symbols, or allow extraction of
			archive members to resolvetweak references from 
			archive files
	[-z combreloc]	combine multiple relocation sections
	[-z nocompstrtab]
			disable compression of string tables
	[-z defs]	disallow undefined symbol references
	[-z direct | nodirect]
			enable|disable direct binding to shared object
			dependencies
	[-z endfiltee]	marks a filtee such that it will terminate a filters
			search
	[-z finiarray=function]
			name of function to be appended to the .finiarray
	[-z groupperm | nogroupperm]
			enable|disable setting of group permissions
			on dynamic dependencies
	[-z help ]	print this usage message
	[-z ignore | record]
			ignore|record unused dynamic dependencies
	[-z initarray=function]
			name of function to be appended to the .initarray
	[-z initfirst]	mark object to indicate that its .init section should
			be executed before the .init section of any other
			objects
	[-z interpose]	dynamic object is to be an `interposer' on direct
			bindings
	[-z lazyload | nolazyload]
			enable|disable delayed loading of shared object
			dependencies
	[-z ld32=arg1,arg2,...]
			define arguments applicable to the 32-bit class of ld(1)
	[-z ld64=arg1,arg2,...]
			define arguments applicable to the 64-bit class of ld(1)
	[-z loadfltr]	mark filter as requiring immediate loading of its
			filtees at runtime
	[-z muldefs]	allow multiply-defined symbols
	[-z nodefs]	allow undefined symbol references
	[-z nodefaultlib]
			mark object to ignore any default library search path
	[-z nodelete]	mark object as non-deletable
	[-z nodlopen]	mark object as non-dlopen()'able
	[-z nodump]	mark object as non-dldump()'able
	[-z nopartial]	expand any partially initialized symbols
	[-z noversion]	don't record any version sections
	[-z now]	mark object as requiring non-lazy binding
	[-z origin]	mark object as requiring $ORIGIN processing
	[-z preinitarray=function]
			name of function to be appended to the .preinitarray
	[-z redlocsym]	reduce local syms in .symtab to a minimum
	[-z rescan]	rescan archive list until no further member
			extraction occurs
	[-z text]	disallow output relocations against text
	[-z textoff]	allow output relocations against text
	[-z textwarn]	warn if there are relocations against text
	[-z verbose]	generate warnings for suspicious processings
configure:2852: $? = 1
configure:2859: CC -v >&5
###     command line files and options (expanded):
### -v 
### CC: Note: NLSPATH = /opt2/SUNWspro/prod/bin/../lib/locale/%L/LC_MESSAGES/%N.cat:/opt2/SUNWspro/prod/bin/../../lib/locale/%L/LC_MESSAGES/%N.cat
configure:2862: $? = 0
configure:2869: CC -V >&5
CC: Sun C++ 5.9 SunOS_i386 2007/05/03
configure:2872: $? = 0
configure:2895: checking for C compiler default output file name
configure:2922: CC    conftest.c  >&5
configure:2925: $? = 0
configure:2963: result: a.out
configure:2980: checking whether the C compiler works
configure:2990: ./a.out
configure:2993: $? = 0
configure:3010: result: yes
configure:3017: checking whether we are cross compiling
configure:3019: result: no
configure:3022: checking for suffix of executables
configure:3029: CC -o conftest    conftest.c  >&5
configure:3032: $? = 0
configure:3056: result: 
configure:3062: checking for suffix of object files
configure:3088: CC -c   conftest.c >&5
configure:3091: $? = 0
configure:3114: result: o
configure:3118: checking whether we are using the GNU C compiler
configure:3147: CC -c   conftest.c >&5
"conftest.c", line 18: Error: choke is not defined.
1 Error(s) detected.
configure:3153: $? = 1
configure: failed program was:
| /* confdefs.h.  */
| #define PACKAGE_NAME "file"
| #define PACKAGE_TARNAME "file"
| #define PACKAGE_VERSION "4.26"
| #define PACKAGE_STRING "file 4.26"
| #define PACKAGE_BUGREPORT "christos@astron.com"
| #define PACKAGE "file"
| #define VERSION "4.26"
| #define BUILTIN_ELF 1
| #define ELFCORE 1
| #define _GNU_SOURCE 1
| /* end confdefs.h.  */
| 
| int
| main ()
| {
| #ifndef __GNUC__
|        choke me
| #endif
| 
|   ;
|   return 0;
| }
configure:3170: result: no
configure:3175: checking whether CC accepts -g
configure:3205: CC -c -g  conftest.c >&5
configure:3211: $? = 0
configure:3310: result: yes
configure:3327: checking for CC option to accept ISO C89
configure:3401: CC  -c -g  conftest.c >&5
"conftest.c", line 20: Error: p is not defined.
"conftest.c", line 24: Warning: The variable p has not yet been assigned a value.
"conftest.c", line 24: Warning: The variable i has not yet been assigned a value.
"conftest.c", line 27: Error: Use ";" to terminate declarations.
"conftest.c", line 30: Error: __builtin_va_alist is not defined.
"conftest.c", line 31: Error: The function "g" must have a prototype.
"conftest.c", line 58: Error: Use ";" to terminate declarations.
"conftest.c", line 59: Error: Formal argument g of type char*(*)(char**,int) in call to f(char*(*)(char**,int), char**, ...) is being passed char*(*)().
"conftest.c", line 59: Error: Formal argument g of type char*(*)(char**,int) in call to f(char*(*)(char**,int), char**, ...) is being passed char*(*)().
"conftest.c", line 62: Error: "}" expected instead of EOF.
8 Error(s) and 2 Warning(s) detected.
configure:3407: $? = 8
configure: failed program was:
| /* confdefs.h.  */
| #define PACKAGE_NAME "file"
| #define PACKAGE_TARNAME "file"
| #define PACKAGE_VERSION "4.26"
| #define PACKAGE_STRING "file 4.26"
| #define PACKAGE_BUGREPORT "christos@astron.com"
| #define PACKAGE "file"
| #define VERSION "4.26"
| #define BUILTIN_ELF 1
| #define ELFCORE 1
| #define _GNU_SOURCE 1
| /* end confdefs.h.  */
| #include <stdarg.h>
| #include <stdio.h>
| #include <sys/types.h>
| #include <sys/stat.h>
| /* Most of the following tests are stolen from RCS 5.7's src/conf.sh.  */
| struct buf { int x; };
| FILE * (*rcsopen) (struct buf *, struct stat *, int);
| static char *e (p, i)
|      char **p;
|      int i;
| {
|   return p[i];
| }
| static char *f (char * (*g) (char **, int), char **p, ...)
| {
|   char *s;
|   va_list v;
|   va_start (v,p);
|   s = g (p, va_arg (v,int));
|   va_end (v);
|   return s;
| }
| 
| /* OSF 4.0 Compaq cc is some sort of almost-ANSI by default.  It has
|    function prototypes and stuff, but not '\xHH' hex character constants.
|    These don't provoke an error unfortunately, instead are silently treated
|    as 'x'.  The following induces an error, until -std is added to get
|    proper ANSI mode.  Curiously '\x00'!='x' always comes out true, for an
|    array size at least.  It's necessary to write '\x00'==0 to get something
|    that's true only with -std.  */
| int osf4_cc_array ['\x00' == 0 ? 1 : -1];
| 
| /* IBM C 6 for AIX is almost-ANSI by default, but it replaces macro parameters
|    inside strings and character constants.  */
| #define FOO(x) 'x'
| int xlc6_cc_array[FOO(a) == 'x' ? 1 : -1];
| 
| int test (int i, double x);
| struct s1 {int (*f) (int a);};
| struct s2 {int (*f) (double a);};
| int pairnames (int, char **, FILE *(*)(struct buf *, struct stat *, int), int, int);
| int argc;
| char **argv;
| int
| main ()
| {
| return f (e, argv, 0) != argv[0]  ||  f (e, argv, 1) != argv[1];
|   ;
|   return 0;
| }
configure:3401: CC -qlanglvl=extc89 -c -g  conftest.c >&5
CC: Warning: Option -qlanglvl=extc89 passed to ld, if ld is invoked, ignored otherwise
"conftest.c", line 20: Error: p is not defined.
"conftest.c", line 24: Warning: The variable p has not yet been assigned a value.
"conftest.c", line 24: Warning: The variable i has not yet been assigned a value.
"conftest.c", line 27: Error: Use ";" to terminate declarations.
"conftest.c", line 30: Error: __builtin_va_alist is not defined.
"conftest.c", line 31: Error: The function "g" must have a prototype.
"conftest.c", line 58: Error: Use ";" to terminate declarations.
"conftest.c", line 59: Error: Formal argument g of type char*(*)(char**,int) in call to f(char*(*)(char**,int), char**, ...) is being passed char*(*)().
"conftest.c", line 59: Error: Formal argument g of type char*(*)(char**,int) in call to f(char*(*)(char**,int), char**, ...) is being passed char*(*)().
"conftest.c", line 62: Error: "}" expected instead of EOF.
8 Error(s) and 2 Warning(s) detected.
configure:3407: $? = 8
configure: failed program was:
| /* confdefs.h.  */
| #define PACKAGE_NAME "file"
| #define PACKAGE_TARNAME "file"
| #define PACKAGE_VERSION "4.26"
| #define PACKAGE_STRING "file 4.26"
| #define PACKAGE_BUGREPORT "christos@astron.com"
| #define PACKAGE "file"
| #define VERSION "4.26"
| #define BUILTIN_ELF 1
| #define ELFCORE 1
| #define _GNU_SOURCE 1
| /* end confdefs.h.  */
| #include <stdarg.h>
| #include <stdio.h>
| #include <sys/types.h>
| #include <sys/stat.h>
| /* Most of the following tests are stolen from RCS 5.7's src/conf.sh.  */
| struct buf { int x; };
| FILE * (*rcsopen) (struct buf *, struct stat *, int);
| static char *e (p, i)
|      char **p;
|      int i;
| {
|   return p[i];
| }
| static char *f (char * (*g) (char **, int), char **p, ...)
| {
|   char *s;
|   va_list v;
|   va_start (v,p);
|   s = g (p, va_arg (v,int));
|   va_end (v);
|   return s;
| }
| 
| /* OSF 4.0 Compaq cc is some sort of almost-ANSI by default.  It has
|    function prototypes and stuff, but not '\xHH' hex character constants.
|    These don't provoke an error unfortunately, instead are silently treated
|    as 'x'.  The following induces an error, until -std is added to get
|    proper ANSI mode.  Curiously '\x00'!='x' always comes out true, for an
|    array size at least.  It's necessary to write '\x00'==0 to get something
|    that's true only with -std.  */
| int osf4_cc_array ['\x00' == 0 ? 1 : -1];
| 
| /* IBM C 6 for AIX is almost-ANSI by default, but it replaces macro parameters
|    inside strings and character constants.  */
| #define FOO(x) 'x'
| int xlc6_cc_array[FOO(a) == 'x' ? 1 : -1];
| 
| int test (int i, double x);
| struct s1 {int (*f) (int a);};
| struct s2 {int (*f) (double a);};
| int pairnames (int, char **, FILE *(*)(struct buf *, struct stat *, int), int, int);
| int argc;
| char **argv;
| int
| main ()
| {
| return f (e, argv, 0) != argv[0]  ||  f (e, argv, 1) != argv[1];
|   ;
|   return 0;
| }
configure:3401: CC -qlanglvl=ansi -c -g  conftest.c >&5
CC: Warning: Option -qlanglvl=ansi passed to ld, if ld is invoked, ignored otherwise
"conftest.c", line 20: Error: p is not defined.
"conftest.c", line 24: Warning: The variable p has not yet been assigned a value.
"conftest.c", line 24: Warning: The variable i has not yet been assigned a value.
"conftest.c", line 27: Error: Use ";" to terminate declarations.
"conftest.c", line 30: Error: __builtin_va_alist is not defined.
"conftest.c", line 31: Error: The function "g" must have a prototype.
"conftest.c", line 58: Error: Use ";" to terminate declarations.
"conftest.c", line 59: Error: Formal argument g of type char*(*)(char**,int) in call to f(char*(*)(char**,int), char**, ...) is being passed char*(*)().
"conftest.c", line 59: Error: Formal argument g of type char*(*)(char**,int) in call to f(char*(*)(char**,int), char**, ...) is being passed char*(*)().
"conftest.c", line 62: Error: "}" expected instead of EOF.
8 Error(s) and 2 Warning(s) detected.
configure:3407: $? = 8
configure: failed program was:
| /* confdefs.h.  */
| #define PACKAGE_NAME "file"
| #define PACKAGE_TARNAME "file"
| #define PACKAGE_VERSION "4.26"
| #define PACKAGE_STRING "file 4.26"
| #define PACKAGE_BUGREPORT "christos@astron.com"
| #define PACKAGE "file"
| #define VERSION "4.26"
| #define BUILTIN_ELF 1
| #define ELFCORE 1
| #define _GNU_SOURCE 1
| /* end confdefs.h.  */
| #include <stdarg.h>
| #include <stdio.h>
| #include <sys/types.h>
| #include <sys/stat.h>
| /* Most of the following tests are stolen from RCS 5.7's src/conf.sh.  */
| struct buf { int x; };
| FILE * (*rcsopen) (struct buf *, struct stat *, int);
| static char *e (p, i)
|      char **p;
|      int i;
| {
|   return p[i];
| }
| static char *f (char * (*g) (char **, int), char **p, ...)
| {
|   char *s;
|   va_list v;
|   va_start (v,p);
|   s = g (p, va_arg (v,int));
|   va_end (v);
|   return s;
| }
| 
| /* OSF 4.0 Compaq cc is some sort of almost-ANSI by default.  It has
|    function prototypes and stuff, but not '\xHH' hex character constants.
|    These don't provoke an error unfortunately, instead are silently treated
|    as 'x'.  The following induces an error, until -std is added to get
|    proper ANSI mode.  Curiously '\x00'!='x' always comes out true, for an
|    array size at least.  It's necessary to write '\x00'==0 to get something
|    that's true only with -std.  */
| int osf4_cc_array ['\x00' == 0 ? 1 : -1];
| 
| /* IBM C 6 for AIX is almost-ANSI by default, but it replaces macro parameters
|    inside strings and character constants.  */
| #define FOO(x) 'x'
| int xlc6_cc_array[FOO(a) == 'x' ? 1 : -1];
| 
| int test (int i, double x);
| struct s1 {int (*f) (int a);};
| struct s2 {int (*f) (double a);};
| int pairnames (int, char **, FILE *(*)(struct buf *, struct stat *, int), int, int);
| int argc;
| char **argv;
| int
| main ()
| {
| return f (e, argv, 0) != argv[0]  ||  f (e, argv, 1) != argv[1];
|   ;
|   return 0;
| }
configure:3401: CC -std -c -g  conftest.c >&5
CC: Warning: Option -std passed to ld, if ld is invoked, ignored otherwise
"conftest.c", line 20: Error: p is not defined.
"conftest.c", line 24: Warning: The variable p has not yet been assigned a value.
"conftest.c", line 24: Warning: The variable i has not yet been assigned a value.
"conftest.c", line 27: Error: Use ";" to terminate declarations.
"conftest.c", line 30: Error: __builtin_va_alist is not defined.
"conftest.c", line 31: Error: The function "g" must have a prototype.
"conftest.c", line 58: Error: Use ";" to terminate declarations.
"conftest.c", line 59: Error: Formal argument g of type char*(*)(char**,int) in call to f(char*(*)(char**,int), char**, ...) is being passed char*(*)().
"conftest.c", line 59: Error: Formal argument g of type char*(*)(char**,int) in call to f(char*(*)(char**,int), char**, ...) is being passed char*(*)().
"conftest.c", line 62: Error: "}" expected instead of EOF.
8 Error(s) and 2 Warning(s) detected.
configure:3407: $? = 8
configure: failed program was:
| /* confdefs.h.  */
| #define PACKAGE_NAME "file"
| #define PACKAGE_TARNAME "file"
| #define PACKAGE_VERSION "4.26"
| #define PACKAGE_STRING "file 4.26"
| #define PACKAGE_BUGREPORT "christos@astron.com"
| #define PACKAGE "file"
| #define VERSION "4.26"
| #define BUILTIN_ELF 1
| #define ELFCORE 1
| #define _GNU_SOURCE 1
| /* end confdefs.h.  */
| #include <stdarg.h>
| #include <stdio.h>
| #include <sys/types.h>
| #include <sys/stat.h>
| /* Most of the following tests are stolen from RCS 5.7's src/conf.sh.  */
| struct buf { int x; };
| FILE * (*rcsopen) (struct buf *, struct stat *, int);
| static char *e (p, i)
|      char **p;
|      int i;
| {
|   return p[i];
| }
| static char *f (char * (*g) (char **, int), char **p, ...)
| {
|   char *s;
|   va_list v;
|   va_start (v,p);
|   s = g (p, va_arg (v,int));
|   va_end (v);
|   return s;
| }
| 
| /* OSF 4.0 Compaq cc is some sort of almost-ANSI by default.  It has
|    function prototypes and stuff, but not '\xHH' hex character constants.
|    These don't provoke an error unfortunately, instead are silently treated
|    as 'x'.  The following induces an error, until -std is added to get
|    proper ANSI mode.  Curiously '\x00'!='x' always comes out true, for an
|    array size at least.  It's necessary to write '\x00'==0 to get something
|    that's true only with -std.  */
| int osf4_cc_array ['\x00' == 0 ? 1 : -1];
| 
| /* IBM C 6 for AIX is almost-ANSI by default, but it replaces macro parameters
|    inside strings and character constants.  */
| #define FOO(x) 'x'
| int xlc6_cc_array[FOO(a) == 'x' ? 1 : -1];
| 
| int test (int i, double x);
| struct s1 {int (*f) (int a);};
| struct s2 {int (*f) (double a);};
| int pairnames (int, char **, FILE *(*)(struct buf *, struct stat *, int), int, int);
| int argc;
| char **argv;
| int
| main ()
| {
| return f (e, argv, 0) != argv[0]  ||  f (e, argv, 1) != argv[1];
|   ;
|   return 0;
| }
configure:3401: CC -Ae -c -g  conftest.c >&5
CC: Warning: Option -Ae passed to ld, if ld is invoked, ignored otherwise
"conftest.c", line 20: Error: p is not defined.
"conftest.c", line 24: Warning: The variable p has not yet been assigned a value.
"conftest.c", line 24: Warning: The variable i has not yet been assigned a value.
"conftest.c", line 27: Error: Use ";" to terminate declarations.
"conftest.c", line 30: Error: __builtin_va_alist is not defined.
"conftest.c", line 31: Error: The function "g" must have a prototype.
"conftest.c", line 58: Error: Use ";" to terminate declarations.
"conftest.c", line 59: Error: Formal argument g of type char*(*)(char**,int) in call to f(char*(*)(char**,int), char**, ...) is being passed char*(*)().
"conftest.c", line 59: Error: Formal argument g of type char*(*)(char**,int) in call to f(char*(*)(char**,int), char**, ...) is being passed char*(*)().
"conftest.c", line 62: Error: "}" expected instead of EOF.
8 Error(s) and 2 Warning(s) detected.
configure:3407: $? = 8
configure: failed program was:
| /* confdefs.h.  */
| #define PACKAGE_NAME "file"
| #define PACKAGE_TARNAME "file"
| #define PACKAGE_VERSION "4.26"
| #define PACKAGE_STRING "file 4.26"
| #define PACKAGE_BUGREPORT "christos@astron.com"
| #define PACKAGE "file"
| #define VERSION "4.26"
| #define BUILTIN_ELF 1
| #define ELFCORE 1
| #define _GNU_SOURCE 1
| /* end confdefs.h.  */
| #include <stdarg.h>
| #include <stdio.h>
| #include <sys/types.h>
| #include <sys/stat.h>
| /* Most of the following tests are stolen from RCS 5.7's src/conf.sh.  */
| struct buf { int x; };
| FILE * (*rcsopen) (struct buf *, struct stat *, int);
| static char *e (p, i)
|      char **p;
|      int i;
| {
|   return p[i];
| }
| static char *f (char * (*g) (char **, int), char **p, ...)
| {
|   char *s;
|   va_list v;
|   va_start (v,p);
|   s = g (p, va_arg (v,int));
|   va_end (v);
|   return s;
| }
| 
| /* OSF 4.0 Compaq cc is some sort of almost-ANSI by default.  It has
|    function prototypes and stuff, but not '\xHH' hex character constants.
|    These don't provoke an error unfortunately, instead are silently treated
|    as 'x'.  The following induces an error, until -std is added to get
|    proper ANSI mode.  Curiously '\x00'!='x' always comes out true, for an
|    array size at least.  It's necessary to write '\x00'==0 to get something
|    that's true only with -std.  */
| int osf4_cc_array ['\x00' == 0 ? 1 : -1];
| 
| /* IBM C 6 for AIX is almost-ANSI by default, but it replaces macro parameters
|    inside strings and character constants.  */
| #define FOO(x) 'x'
| int xlc6_cc_array[FOO(a) == 'x' ? 1 : -1];
| 
| int test (int i, double x);
| struct s1 {int (*f) (int a);};
| struct s2 {int (*f) (double a);};
| int pairnames (int, char **, FILE *(*)(struct buf *, struct stat *, int), int, int);
| int argc;
| char **argv;
| int
| main ()
| {
| return f (e, argv, 0) != argv[0]  ||  f (e, argv, 1) != argv[1];
|   ;
|   return 0;
| }
configure:3401: CC -Aa -D_HPUX_SOURCE -c -g  conftest.c >&5
CC: Warning: Option -Aa passed to ld, if ld is invoked, ignored otherwise
"conftest.c", line 20: Error: p is not defined.
"conftest.c", line 24: Warning: The variable p has not yet been assigned a value.
"conftest.c", line 24: Warning: The variable i has not yet been assigned a value.
"conftest.c", line 27: Error: Use ";" to terminate declarations.
"conftest.c", line 30: Error: __builtin_va_alist is not defined.
"conftest.c", line 31: Error: The function "g" must have a prototype.
"conftest.c", line 58: Error: Use ";" to terminate declarations.
"conftest.c", line 59: Error: Formal argument g of type char*(*)(char**,int) in call to f(char*(*)(char**,int), char**, ...) is being passed char*(*)().
"conftest.c", line 59: Error: Formal argument g of type char*(*)(char**,int) in call to f(char*(*)(char**,int), char**, ...) is being passed char*(*)().
"conftest.c", line 62: Error: "}" expected instead of EOF.
8 Error(s) and 2 Warning(s) detected.
configure:3407: $? = 8
configure: failed program was:
| /* confdefs.h.  */
| #define PACKAGE_NAME "file"
| #define PACKAGE_TARNAME "file"
| #define PACKAGE_VERSION "4.26"
| #define PACKAGE_STRING "file 4.26"
| #define PACKAGE_BUGREPORT "christos@astron.com"
| #define PACKAGE "file"
| #define VERSION "4.26"
| #define BUILTIN_ELF 1
| #define ELFCORE 1
| #define _GNU_SOURCE 1
| /* end confdefs.h.  */
| #include <stdarg.h>
| #include <stdio.h>
| #include <sys/types.h>
| #include <sys/stat.h>
| /* Most of the following tests are stolen from RCS 5.7's src/conf.sh.  */
| struct buf { int x; };
| FILE * (*rcsopen) (struct buf *, struct stat *, int);
| static char *e (p, i)
|      char **p;
|      int i;
| {
|   return p[i];
| }
| static char *f (char * (*g) (char **, int), char **p, ...)
| {
|   char *s;
|   va_list v;
|   va_start (v,p);
|   s = g (p, va_arg (v,int));
|   va_end (v);
|   return s;
| }
| 
| /* OSF 4.0 Compaq cc is some sort of almost-ANSI by default.  It has
|    function prototypes and stuff, but not '\xHH' hex character constants.
|    These don't provoke an error unfortunately, instead are silently treated
|    as 'x'.  The following induces an error, until -std is added to get
|    proper ANSI mode.  Curiously '\x00'!='x' always comes out true, for an
|    array size at least.  It's necessary to write '\x00'==0 to get something
|    that's true only with -std.  */
| int osf4_cc_array ['\x00' == 0 ? 1 : -1];
| 
| /* IBM C 6 for AIX is almost-ANSI by default, but it replaces macro parameters
|    inside strings and character constants.  */
| #define FOO(x) 'x'
| int xlc6_cc_array[FOO(a) == 'x' ? 1 : -1];
| 
| int test (int i, double x);
| struct s1 {int (*f) (int a);};
| struct s2 {int (*f) (double a);};
| int pairnames (int, char **, FILE *(*)(struct buf *, struct stat *, int), int, int);
| int argc;
| char **argv;
| int
| main ()
| {
| return f (e, argv, 0) != argv[0]  ||  f (e, argv, 1) != argv[1];
|   ;
|   return 0;
| }
configure:3401: CC -Xc -D__EXTENSIONS__ -c -g  conftest.c >&5
CC: Warning: Option -Xc passed to ld, if ld is invoked, ignored otherwise
"conftest.c", line 20: Error: p is not defined.
"conftest.c", line 24: Warning: The variable p has not yet been assigned a value.
"conftest.c", line 24: Warning: The variable i has not yet been assigned a value.
"conftest.c", line 27: Error: Use ";" to terminate declarations.
"conftest.c", line 30: Error: __builtin_va_alist is not defined.
"conftest.c", line 31: Error: The function "g" must have a prototype.
"conftest.c", line 58: Error: Use ";" to terminate declarations.
"conftest.c", line 59: Error: Formal argument g of type char*(*)(char**,int) in call to f(char*(*)(char**,int), char**, ...) is being passed char*(*)().
"conftest.c", line 59: Error: Formal argument g of type char*(*)(char**,int) in call to f(char*(*)(char**,int), char**, ...) is being passed char*(*)().
"conftest.c", line 62: Error: "}" expected instead of EOF.
8 Error(s) and 2 Warning(s) detected.
configure:3407: $? = 8
configure: failed program was:
| /* confdefs.h.  */
| #define PACKAGE_NAME "file"
| #define PACKAGE_TARNAME "file"
| #define PACKAGE_VERSION "4.26"
| #define PACKAGE_STRING "file 4.26"
| #define PACKAGE_BUGREPORT "christos@astron.com"
| #define PACKAGE "file"
| #define VERSION "4.26"
| #define BUILTIN_ELF 1
| #define ELFCORE 1
| #define _GNU_SOURCE 1
| /* end confdefs.h.  */
| #include <stdarg.h>
| #include <stdio.h>
| #include <sys/types.h>
| #include <sys/stat.h>
| /* Most of the following tests are stolen from RCS 5.7's src/conf.sh.  */
| struct buf { int x; };
| FILE * (*rcsopen) (struct buf *, struct stat *, int);
| static char *e (p, i)
|      char **p;
|      int i;
| {
|   return p[i];
| }
| static char *f (char * (*g) (char **, int), char **p, ...)
| {
|   char *s;
|   va_list v;
|   va_start (v,p);
|   s = g (p, va_arg (v,int));
|   va_end (v);
|   return s;
| }
| 
| /* OSF 4.0 Compaq cc is some sort of almost-ANSI by default.  It has
|    function prototypes and stuff, but not '\xHH' hex character constants.
|    These don't provoke an error unfortunately, instead are silently treated
|    as 'x'.  The following induces an error, until -std is added to get
|    proper ANSI mode.  Curiously '\x00'!='x' always comes out true, for an
|    array size at least.  It's necessary to write '\x00'==0 to get something
|    that's true only with -std.  */
| int osf4_cc_array ['\x00' == 0 ? 1 : -1];
| 
| /* IBM C 6 for AIX is almost-ANSI by default, but it replaces macro parameters
|    inside strings and character constants.  */
| #define FOO(x) 'x'
| int xlc6_cc_array[FOO(a) == 'x' ? 1 : -1];
| 
| int test (int i, double x);
| struct s1 {int (*f) (int a);};
| struct s2 {int (*f) (double a);};
| int pairnames (int, char **, FILE *(*)(struct buf *, struct stat *, int), int, int);
| int argc;
| char **argv;
| int
| main ()
| {
| return f (e, argv, 0) != argv[0]  ||  f (e, argv, 1) != argv[1];
|   ;
|   return 0;
| }
configure:3433: result: unsupported
configure:3459: checking for style of include used by make
configure:3487: result: GNU
configure:3512: checking dependency style of CC
configure:3603: result: none
configure:3619: checking whether CC and cc understand -c and -o together
configure:3654: CC -c conftest.c -o conftest2.o >&5
configure:3657: $? = 0
configure:3663: CC -c conftest.c -o conftest2.o >&5
configure:3666: $? = 0
configure:3677: cc -c conftest.c >&5
configure:3680: $? = 0
configure:3688: cc -c conftest.c -o conftest2.o >&5
configure:3691: $? = 0
configure:3697: cc -c conftest.c -o conftest2.o >&5
configure:3700: $? = 0
configure:3718: result: yes
configure:3757: checking for a BSD-compatible install
configure:3813: result: ./install-sh -c
configure:3824: checking whether ln -s works
configure:3828: result: yes
configure:3913: checking build system type
configure:3931: result: i386-pc-solaris2.10
configure:3953: checking host system type
configure:3968: result: i386-pc-solaris2.10
configure:3990: checking for a sed that does not truncate output
configure:4044: result: /usr/bin/sed
configure:4047: checking for grep that handles long lines and -e
configure:4121: result: /usr/xpg4/bin/grep
configure:4126: checking for egrep
configure:4204: result: /usr/xpg4/bin/grep -E
configure:4253: checking for non-GNU ld
configure:4287: result: /usr/ccs/bin/ld
configure:4296: checking if the linker (/usr/ccs/bin/ld) is GNU ld
configure:4311: result: no
configure:4316: checking for /usr/ccs/bin/ld option to reload object files
configure:4323: result: -r
configure:4341: checking for BSD-compatible nm
configure:4383: result: /usr/ccs/bin/nm -p
configure:4387: checking how to recognise dependent libraries
configure:4559: result: pass_all
configure:4770: checking how to run the C preprocessor
configure:4810: CC -E  conftest.c
configure:4816: $? = 0
configure:4847: CC -E  conftest.c
"conftest.c", line 13: Error: Could not open include file<ac_nonexistent.h>.
1 Error(s) detected.
configure:4853: $? = 1
configure: failed program was:
| /* confdefs.h.  */
| #define PACKAGE_NAME "file"
| #define PACKAGE_TARNAME "file"
| #define PACKAGE_VERSION "4.26"
| #define PACKAGE_STRING "file 4.26"
| #define PACKAGE_BUGREPORT "christos@astron.com"
| #define PACKAGE "file"
| #define VERSION "4.26"
| #define BUILTIN_ELF 1
| #define ELFCORE 1
| #define _GNU_SOURCE 1
| /* end confdefs.h.  */
| #include <ac_nonexistent.h>
configure:4886: result: CC -E
configure:4915: CC -E  conftest.c
configure:4921: $? = 0
configure:4952: CC -E  conftest.c
"conftest.c", line 13: Error: Could not open include file<ac_nonexistent.h>.
1 Error(s) detected.
configure:4958: $? = 1
configure: failed program was:
| /* confdefs.h.  */
| #define PACKAGE_NAME "file"
| #define PACKAGE_TARNAME "file"
| #define PACKAGE_VERSION "4.26"
| #define PACKAGE_STRING "file 4.26"
| #define PACKAGE_BUGREPORT "christos@astron.com"
| #define PACKAGE "file"
| #define VERSION "4.26"
| #define BUILTIN_ELF 1
| #define ELFCORE 1
| #define _GNU_SOURCE 1
| /* end confdefs.h.  */
| #include <ac_nonexistent.h>
configure:4996: checking for ANSI C header files
configure:5026: CC -c -g  conftest.c >&5
configure:5032: $? = 0
configure:5131: CC -o conftest -g   conftest.c  >&5
configure:5134: $? = 0
configure:5140: ./conftest
configure:5143: $? = 0
configure:5160: result: yes
configure:5184: checking for sys/types.h
configure:5205: CC -c -g  conftest.c >&5
configure:5211: $? = 0
configure:5227: result: yes
configure:5184: checking for sys/stat.h
configure:5205: CC -c -g  conftest.c >&5
configure:5211: $? = 0
configure:5227: result: yes
configure:5184: checking for stdlib.h
configure:5205: CC -c -g  conftest.c >&5
configure:5211: $? = 0
configure:5227: result: yes
configure:5184: checking for string.h
configure:5205: CC -c -g  conftest.c >&5
configure:5211: $? = 0
configure:5227: result: yes
configure:5184: checking for memory.h
configure:5205: CC -c -g  conftest.c >&5
configure:5211: $? = 0
configure:5227: result: yes
configure:5184: checking for strings.h
configure:5205: CC -c -g  conftest.c >&5
configure:5211: $? = 0
configure:5227: result: yes
configure:5184: checking for inttypes.h
configure:5205: CC -c -g  conftest.c >&5
configure:5211: $? = 0
configure:5227: result: yes
configure:5184: checking for stdint.h
configure:5205: CC -c -g  conftest.c >&5
configure:5211: $? = 0
configure:5227: result: yes
configure:5184: checking for unistd.h
configure:5205: CC -c -g  conftest.c >&5
configure:5211: $? = 0
configure:5227: result: yes
configure:5254: checking dlfcn.h usability
configure:5271: CC -c -g  conftest.c >&5
configure:5277: $? = 0
configure:5291: result: yes
configure:5295: checking dlfcn.h presence
configure:5310: CC -E  conftest.c
configure:5316: $? = 0
configure:5330: result: yes
configure:5363: checking for dlfcn.h
configure:5371: result: yes
configure:5442: checking for g++
configure:5458: found /usr/local/bin/g++
configure:5469: result: g++
configure:5500: checking for C++ compiler version
configure:5507: g++ --version >&5
g++ (GCC) 3.4.6
Copyright (C) 2006 Free Software Foundation, Inc.
This is free software; see the source for copying conditions.  There is NO
warranty; not even for MERCHANTABILITY or FITNESS FOR A PARTICULAR PURPOSE.

configure:5510: $? = 0
configure:5517: g++ -v >&5
Reading specs from /usr/local/lib/gcc/i386-pc-solaris2.10/3.4.6/specs
Configured with: ../configure --with-as=/usr/ccs/bin/as --with-ld=/usr/ccs/bin/ld --enable-shared --enable-languages=c,c++,f77
Thread model: posix
gcc version 3.4.6
configure:5520: $? = 0
configure:5527: g++ -V >&5
g++: `-V' option must have argument
configure:5530: $? = 1
configure:5533: checking whether we are using the GNU C++ compiler
configure:5562: g++ -c   conftest.cpp >&5
configure:5568: $? = 0
configure:5585: result: yes
configure:5590: checking whether g++ accepts -g
configure:5620: g++ -c -g  conftest.cpp >&5
configure:5626: $? = 0
configure:5725: result: yes
configure:5750: checking dependency style of g++
configure:5841: result: gcc3
configure:5866: checking how to run the C++ preprocessor
configure:5902: g++ -E  conftest.cpp
configure:5908: $? = 0
configure:5939: g++ -E  conftest.cpp
conftest.cpp:24:28: ac_nonexistent.h: No such file or directory
configure:5945: $? = 1
configure: failed program was:
| /* confdefs.h.  */
| #define PACKAGE_NAME "file"
| #define PACKAGE_TARNAME "file"
| #define PACKAGE_VERSION "4.26"
| #define PACKAGE_STRING "file 4.26"
| #define PACKAGE_BUGREPORT "christos@astron.com"
| #define PACKAGE "file"
| #define VERSION "4.26"
| #define BUILTIN_ELF 1
| #define ELFCORE 1
| #define _GNU_SOURCE 1
| #define STDC_HEADERS 1
| #define HAVE_SYS_TYPES_H 1
| #define HAVE_SYS_STAT_H 1
| #define HAVE_STDLIB_H 1
| #define HAVE_STRING_H 1
| #define HAVE_MEMORY_H 1
| #define HAVE_STRINGS_H 1
| #define HAVE_INTTYPES_H 1
| #define HAVE_STDINT_H 1
| #define HAVE_UNISTD_H 1
| #define HAVE_DLFCN_H 1
| /* end confdefs.h.  */
| #include <ac_nonexistent.h>
configure:5978: result: g++ -E
configure:6007: g++ -E  conftest.cpp
configure:6013: $? = 0
configure:6044: g++ -E  conftest.cpp
conftest.cpp:24:28: ac_nonexistent.h: No such file or directory
configure:6050: $? = 1
configure: failed program was:
| /* confdefs.h.  */
| #define PACKAGE_NAME "file"
| #define PACKAGE_TARNAME "file"
| #define PACKAGE_VERSION "4.26"
| #define PACKAGE_STRING "file 4.26"
| #define PACKAGE_BUGREPORT "christos@astron.com"
| #define PACKAGE "file"
| #define VERSION "4.26"
| #define BUILTIN_ELF 1
| #define ELFCORE 1
| #define _GNU_SOURCE 1
| #define STDC_HEADERS 1
| #define HAVE_SYS_TYPES_H 1
| #define HAVE_SYS_STAT_H 1
| #define HAVE_STDLIB_H 1
| #define HAVE_STRING_H 1
| #define HAVE_MEMORY_H 1
| #define HAVE_STRINGS_H 1
| #define HAVE_INTTYPES_H 1
| #define HAVE_STDINT_H 1
| #define HAVE_UNISTD_H 1
| #define HAVE_DLFCN_H 1
| /* end confdefs.h.  */
| #include <ac_nonexistent.h>
configure:6143: checking for g77
configure:6159: found /usr/local/bin/g77
configure:6170: result: g77
configure:6200: checking for Fortran 77 compiler version
configure:6207: g77 --version >&5
GNU Fortran (GCC) 3.4.6
Copyright (C) 2006 Free Software Foundation, Inc.

GNU Fortran comes with NO WARRANTY, to the extent permitted by law.
You may redistribute copies of GNU Fortran
under the terms of the GNU General Public License.
For more information about these matters, see the file named COPYING
or type the command `info -f g77 Copying'.
configure:6210: $? = 0
configure:6217: g77 -v >&5
Reading specs from /usr/local/lib/gcc/i386-pc-solaris2.10/3.4.6/specs
Configured with: ../configure --with-as=/usr/ccs/bin/as --with-ld=/usr/ccs/bin/ld --enable-shared --enable-languages=c,c++,f77
Thread model: posix
gcc version 3.4.6
configure:6220: $? = 0
configure:6227: g77 -V >&5
g77: `-V' option must have argument
configure:6230: $? = 1
configure:6238: checking whether we are using the GNU Fortran 77 compiler
configure:6257: g77 -c  conftest.F >&5
configure:6263: $? = 0
configure:6280: result: yes
configure:6286: checking whether g77 accepts -g
configure:6303: g77 -c -g conftest.f >&5
configure:6309: $? = 0
configure:6325: result: yes
configure:6355: checking the maximum length of command line arguments
configure:6447: result: 262144
configure:6458: checking command to parse /usr/ccs/bin/nm -p output from CC object
configure:6554: CC -c -g  conftest.c >&5
configure:6557: $? = 0
configure:6561: /usr/ccs/bin/nm -p conftest.o \| sed -n -e 's/^.*[ 	]\([BDRT][BDRT]*\)[ 	][ 	]*\([_A-Za-z][_A-Za-z0-9]*\)$/\1 \2 \2/p' \> conftest.nm
configure:6564: $? = 0
configure:6616: CC -o conftest -g   conftest.c conftstm.o >&5
"conftest.c", line 21: Warning: String literal converted to char* in initialization.
"conftest.c", line 22: Warning: String literal converted to char* in initialization.
2 Warning(s) detected.
configure:6619: $? = 0
configure:6657: result: ok
configure:6661: checking for objdir
configure:6676: result: .libs
configure:6768: checking for ar
configure:6784: found /usr/ccs/bin/ar
configure:6795: result: ar
configure:6864: checking for ranlib
configure:6880: found /usr/ccs/bin/ranlib
configure:6891: result: ranlib
configure:6960: checking for strip
configure:6976: found /usr/ccs/bin/strip
configure:6987: result: strip
configure:7288: checking if CC static flag  works
configure:7316: result: yes
configure:7384: checking for CC option to produce PIC
configure:7588: result: -KPIC
configure:7596: checking if CC PIC flag -KPIC works
configure:7614: CC -c -g  -KPIC -DPIC conftest.c >&5
configure:7618: $? = 0
configure:7631: result: yes
configure:7655: checking if CC supports -c -o file.o
configure:7676: CC -c -g  -o out/conftest2.o conftest.c >&5
configure:7680: $? = 0
configure:7702: result: yes
configure:7728: checking whether the CC linker (/usr/ccs/bin/ld) supports shared libraries
configure:8620: result: yes
configure:8691: checking dynamic linker characteristics
configure:9237: result: solaris2.10 ld.so
configure:9241: checking how to hardcode library paths into programs
configure:9266: result: immediate
configure:9280: checking whether stripping libraries is possible
configure:9301: result: no
configure:10082: checking if libtool supports shared libraries
configure:10084: result: yes
configure:10087: checking whether to build shared libraries
configure:10108: result: yes
configure:10111: checking whether to build static libraries
configure:10115: result: yes
configure:10207: creating libtool
configure:10785: checking for ld used by g++
configure:10852: result: /usr/ccs/bin/ld
configure:10861: checking if the linker (/usr/ccs/bin/ld) is GNU ld
configure:10876: result: no
configure:10927: checking whether the g++ linker (/usr/ccs/bin/ld) supports shared libraries
configure:11810: result: yes
configure:11828: g++ -c -g -O2  conftest.cc >&5
configure:11831: $? = 0
configure:11927: checking for g++ option to produce PIC
configure:12195: result: -fPIC
configure:12203: checking if g++ PIC flag -fPIC works
configure:12221: g++ -c -g -O2  -fPIC -DPIC conftest.cc >&5
configure:12225: $? = 0
configure:12238: result: yes
configure:12262: checking if g++ supports -c -o file.o
configure:12283: g++ -c -g -O2  -o out/conftest2.o conftest.cc >&5
configure:12287: $? = 0
configure:12309: result: yes
configure:12335: checking whether the g++ linker (/usr/ccs/bin/ld) supports shared libraries
configure:12360: result: yes
configure:12431: checking dynamic linker characteristics
configure:12977: result: solaris2.10 ld.so
configure:12981: checking how to hardcode library paths into programs
configure:13006: result: immediate
configure:13020: checking whether stripping libraries is possible
configure:13041: result: no
configure:14328: checking if libtool supports shared libraries
configure:14330: result: yes
configure:14333: checking whether to build shared libraries
configure:14353: result: yes
configure:14356: checking whether to build static libraries
configure:14360: result: yes
configure:14372: checking for g77 option to produce PIC
configure:14576: result: -KPIC
configure:14584: checking if g77 PIC flag -KPIC works
configure:14602: g77 -c -g -O2 -KPIC conftest.f >&5
g77: unrecognized option `-KPIC'
configure:14606: $? = 0
configure:14619: result: no
configure:14643: checking if g77 supports -c -o file.o
configure:14664: g77 -c -g -O2 -o out/conftest2.o conftest.f >&5
configure:14668: $? = 0
configure:14690: result: yes
configure:14716: checking whether the g77 linker (/usr/ccs/bin/ld) supports shared libraries
configure:15588: result: yes
configure:15659: checking dynamic linker characteristics
configure:16205: result: solaris2.10 ld.so
configure:16209: checking how to hardcode library paths into programs
configure:16234: result: immediate
configure:16248: checking whether stripping libraries is possible
configure:16269: result: no
configure:20456: checking for ANSI C header files
configure:20620: result: yes
configure:20630: checking whether sys/types.h defines makedev
configure:20656: CC -o conftest -g   conftest.c  >&5
"conftest.c", line 29: Error: The function "makedev" must have a prototype.
1 Error(s) detected.
configure:20662: $? = 1
configure: failed program was:
| /* confdefs.h.  */
| #define PACKAGE_NAME "file"
| #define PACKAGE_TARNAME "file"
| #define PACKAGE_VERSION "4.26"
| #define PACKAGE_STRING "file 4.26"
| #define PACKAGE_BUGREPORT "christos@astron.com"
| #define PACKAGE "file"
| #define VERSION "4.26"
| #define BUILTIN_ELF 1
| #define ELFCORE 1
| #define _GNU_SOURCE 1
| #define STDC_HEADERS 1
| #define HAVE_SYS_TYPES_H 1
| #define HAVE_SYS_STAT_H 1
| #define HAVE_STDLIB_H 1
| #define HAVE_STRING_H 1
| #define HAVE_MEMORY_H 1
| #define HAVE_STRINGS_H 1
| #define HAVE_INTTYPES_H 1
| #define HAVE_STDINT_H 1
| #define HAVE_UNISTD_H 1
| #define HAVE_DLFCN_H 1
| #define STDC_HEADERS 1
| /* end confdefs.h.  */
| #include <sys/types.h>
| int
| main ()
| {
| return makedev(0, 0);
|   ;
|   return 0;
| }
configure:20680: result: no
configure:20694: checking sys/mkdev.h usability
configure:20711: CC -c -g  conftest.c >&5
configure:20717: $? = 0
configure:20731: result: yes
configure:20735: checking sys/mkdev.h presence
configure:20750: CC -E  conftest.c
configure:20756: $? = 0
configure:20770: result: yes
configure:20803: checking for sys/mkdev.h
configure:20810: result: yes
configure:20967: checking for sys/wait.h that is POSIX.1 compatible
configure:21003: CC -c -g  conftest.c >&5
configure:21009: $? = 0
configure:21024: result: yes
configure:21044: checking for stdint.h
configure:21050: result: yes
configure:21054: checking fcntl.h usability
configure:21071: CC -c -g  conftest.c >&5
configure:21077: $? = 0
configure:21091: result: yes
configure:21095: checking fcntl.h presence
configure:21110: CC -E  conftest.c
configure:21116: $? = 0
configure:21130: result: yes
configure:21163: checking for fcntl.h
configure:21171: result: yes
configure:21054: checking locale.h usability
configure:21071: CC -c -g  conftest.c >&5
configure:21077: $? = 0
configure:21091: result: yes
configure:21095: checking locale.h presence
configure:21110: CC -E  conftest.c
configure:21116: $? = 0
configure:21130: result: yes
configure:21163: checking for locale.h
configure:21171: result: yes
configure:21044: checking for stdint.h
configure:21050: result: yes
configure:21044: checking for inttypes.h
configure:21050: result: yes
configure:21044: checking for unistd.h
configure:21050: result: yes
configure:21202: checking utime.h usability
configure:21219: CC -c -g  conftest.c >&5
configure:21225: $? = 0
configure:21239: result: yes
configure:21243: checking utime.h presence
configure:21258: CC -E  conftest.c
configure:21264: $? = 0
configure:21278: result: yes
configure:21311: checking for utime.h
configure:21319: result: yes
configure:21202: checking wchar.h usability
configure:21219: CC -c -g  conftest.c >&5
configure:21225: $? = 0
configure:21239: result: yes
configure:21243: checking wchar.h presence
configure:21258: CC -E  conftest.c
configure:21264: $? = 0
configure:21278: result: yes
configure:21311: checking for wchar.h
configure:21319: result: yes
configure:21202: checking wctype.h usability
configure:21219: CC -c -g  conftest.c >&5
configure:21225: $? = 0
configure:21239: result: yes
configure:21243: checking wctype.h presence
configure:21258: CC -E  conftest.c
configure:21264: $? = 0
configure:21278: result: yes
configure:21311: checking for wctype.h
configure:21319: result: yes
configure:21202: checking limits.h usability
configure:21219: CC -c -g  conftest.c >&5
configure:21225: $? = 0
configure:21239: result: yes
configure:21243: checking limits.h presence
configure:21258: CC -E  conftest.c
configure:21264: $? = 0
configure:21278: result: yes
configure:21311: checking for limits.h
configure:21319: result: yes
configure:21348: checking getopt.h usability
configure:21365: CC -c -g  conftest.c >&5
configure:21371: $? = 0
configure:21385: result: yes
configure:21389: checking getopt.h presence
configure:21404: CC -E  conftest.c
configure:21410: $? = 0
configure:21424: result: yes
configure:21457: checking for getopt.h
configure:21465: result: yes
configure:21348: checking err.h usability
configure:21365: CC -c -g  conftest.c >&5
"conftest.c", line 71: Error: Could not open include file<err.h>.
1 Error(s) detected.
configure:21371: $? = 1
configure: failed program was:
| /* confdefs.h.  */
| #define PACKAGE_NAME "file"
| #define PACKAGE_TARNAME "file"
| #define PACKAGE_VERSION "4.26"
| #define PACKAGE_STRING "file 4.26"
| #define PACKAGE_BUGREPORT "christos@astron.com"
| #define PACKAGE "file"
| #define VERSION "4.26"
| #define BUILTIN_ELF 1
| #define ELFCORE 1
| #define _GNU_SOURCE 1
| #define STDC_HEADERS 1
| #define HAVE_SYS_TYPES_H 1
| #define HAVE_SYS_STAT_H 1
| #define HAVE_STDLIB_H 1
| #define HAVE_STRING_H 1
| #define HAVE_MEMORY_H 1
| #define HAVE_STRINGS_H 1
| #define HAVE_INTTYPES_H 1
| #define HAVE_STDINT_H 1
| #define HAVE_UNISTD_H 1
| #define HAVE_DLFCN_H 1
| #define STDC_HEADERS 1
| #define MAJOR_IN_MKDEV 1
| #define HAVE_SYS_WAIT_H 1
| #define HAVE_STDINT_H 1
| #define HAVE_FCNTL_H 1
| #define HAVE_LOCALE_H 1
| #define HAVE_STDINT_H 1
| #define HAVE_INTTYPES_H 1
| #define HAVE_UNISTD_H 1
| #define HAVE_UTIME_H 1
| #define HAVE_WCHAR_H 1
| #define HAVE_WCTYPE_H 1
| #define HAVE_LIMITS_H 1
| #define HAVE_GETOPT_H 1
| /* end confdefs.h.  */
| #include <stdio.h>
| #ifdef HAVE_SYS_TYPES_H
| # include <sys/types.h>
| #endif
| #ifdef HAVE_SYS_STAT_H
| # include <sys/stat.h>
| #endif
| #ifdef STDC_HEADERS
| # include <stdlib.h>
| # include <stddef.h>
| #else
| # ifdef HAVE_STDLIB_H
| #  include <stdlib.h>
| # endif
| #endif
| #ifdef HAVE_STRING_H
| # if !defined STDC_HEADERS && defined HAVE_MEMORY_H
| #  include <memory.h>
| # endif
| # include <string.h>
| #endif
| #ifdef HAVE_STRINGS_H
| # include <strings.h>
| #endif
| #ifdef HAVE_INTTYPES_H
| # include <inttypes.h>
| #endif
| #ifdef HAVE_STDINT_H
| # include <stdint.h>
| #endif
| #ifdef HAVE_UNISTD_H
| # include <unistd.h>
| #endif
| #include <err.h>
configure:21385: result: no
configure:21389: checking err.h presence
configure:21404: CC -E  conftest.c
"conftest.c", line 38: Error: Could not open include file<err.h>.
1 Error(s) detected.
configure:21410: $? = 1
configure: failed program was:
| /* confdefs.h.  */
| #define PACKAGE_NAME "file"
| #define PACKAGE_TARNAME "file"
| #define PACKAGE_VERSION "4.26"
| #define PACKAGE_STRING "file 4.26"
| #define PACKAGE_BUGREPORT "christos@astron.com"
| #define PACKAGE "file"
| #define VERSION "4.26"
| #define BUILTIN_ELF 1
| #define ELFCORE 1
| #define _GNU_SOURCE 1
| #define STDC_HEADERS 1
| #define HAVE_SYS_TYPES_H 1
| #define HAVE_SYS_STAT_H 1
| #define HAVE_STDLIB_H 1
| #define HAVE_STRING_H 1
| #define HAVE_MEMORY_H 1
| #define HAVE_STRINGS_H 1
| #define HAVE_INTTYPES_H 1
| #define HAVE_STDINT_H 1
| #define HAVE_UNISTD_H 1
| #define HAVE_DLFCN_H 1
| #define STDC_HEADERS 1
| #define MAJOR_IN_MKDEV 1
| #define HAVE_SYS_WAIT_H 1
| #define HAVE_STDINT_H 1
| #define HAVE_FCNTL_H 1
| #define HAVE_LOCALE_H 1
| #define HAVE_STDINT_H 1
| #define HAVE_INTTYPES_H 1
| #define HAVE_UNISTD_H 1
| #define HAVE_UTIME_H 1
| #define HAVE_WCHAR_H 1
| #define HAVE_WCTYPE_H 1
| #define HAVE_LIMITS_H 1
| #define HAVE_GETOPT_H 1
| /* end confdefs.h.  */
| #include <err.h>
configure:21424: result: no
configure:21457: checking for err.h
configure:21465: result: no
configure:21497: checking sys/mman.h usability
configure:21514: CC -c -g  conftest.c >&5
configure:21520: $? = 0
configure:21534: result: yes
configure:21538: checking sys/mman.h presence
configure:21553: CC -E  conftest.c
configure:21559: $? = 0
configure:21573: result: yes
configure:21606: checking for sys/mman.h
configure:21614: result: yes
configure:21487: checking for sys/stat.h
configure:21493: result: yes
configure:21487: checking for sys/types.h
configure:21493: result: yes
configure:21497: checking sys/utime.h usability
configure:21514: CC -c -g  conftest.c >&5
configure:21520: $? = 0
configure:21534: result: yes
configure:21538: checking sys/utime.h presence
configure:21553: CC -E  conftest.c
configure:21559: $? = 0
configure:21573: result: yes
configure:21606: checking for sys/utime.h
configure:21614: result: yes
configure:21497: checking sys/time.h usability
configure:21514: CC -c -g  conftest.c >&5
configure:21520: $? = 0
configure:21534: result: yes
configure:21538: checking sys/time.h presence
configure:21553: CC -E  conftest.c
configure:21559: $? = 0
configure:21573: result: yes
configure:21606: checking for sys/time.h
configure:21614: result: yes
configure:21642: checking zlib.h usability
configure:21659: CC -c -g  conftest.c >&5
configure:21665: $? = 0
configure:21679: result: yes
configure:21683: checking zlib.h presence
configure:21698: CC -E  conftest.c
configure:21704: $? = 0
configure:21718: result: yes
configure:21751: checking for zlib.h
configure:21759: result: yes
configure:21773: checking for an ANSI C-conforming const
configure:21848: CC -c -g  conftest.c >&5
configure:21854: $? = 0
configure:21869: result: yes
configure:21879: checking for off_t
configure:21909: CC -c -g  conftest.c >&5
configure:21915: $? = 0
configure:21930: result: yes
configure:21942: checking for size_t
configure:21972: CC -c -g  conftest.c >&5
configure:21978: $? = 0
configure:21993: result: yes
configure:22005: checking for struct stat.st_rdev
configure:22033: CC -c -g  conftest.c >&5
configure:22039: $? = 0
configure:22096: result: yes
configure:22108: checking whether struct tm is in sys/time.h or time.h
configure:22138: CC -c -g  conftest.c >&5
configure:22144: $? = 0
configure:22159: result: time.h
configure:22169: checking for tm_zone in struct tm
configure:22196: CC -c -g  conftest.c >&5
"conftest.c", line 50: Error: tm_zone is not a member of std::tm.
1 Error(s) detected.
configure:22202: $? = 1
configure: failed program was:
| /* confdefs.h.  */
| #define PACKAGE_NAME "file"
| #define PACKAGE_TARNAME "file"
| #define PACKAGE_VERSION "4.26"
| #define PACKAGE_STRING "file 4.26"
| #define PACKAGE_BUGREPORT "christos@astron.com"
| #define PACKAGE "file"
| #define VERSION "4.26"
| #define BUILTIN_ELF 1
| #define ELFCORE 1
| #define _GNU_SOURCE 1
| #define STDC_HEADERS 1
| #define HAVE_SYS_TYPES_H 1
| #define HAVE_SYS_STAT_H 1
| #define HAVE_STDLIB_H 1
| #define HAVE_STRING_H 1
| #define HAVE_MEMORY_H 1
| #define HAVE_STRINGS_H 1
| #define HAVE_INTTYPES_H 1
| #define HAVE_STDINT_H 1
| #define HAVE_UNISTD_H 1
| #define HAVE_DLFCN_H 1
| #define STDC_HEADERS 1
| #define MAJOR_IN_MKDEV 1
| #define HAVE_SYS_WAIT_H 1
| #define HAVE_STDINT_H 1
| #define HAVE_FCNTL_H 1
| #define HAVE_LOCALE_H 1
| #define HAVE_STDINT_H 1
| #define HAVE_INTTYPES_H 1
| #define HAVE_UNISTD_H 1
| #define HAVE_UTIME_H 1
| #define HAVE_WCHAR_H 1
| #define HAVE_WCTYPE_H 1
| #define HAVE_LIMITS_H 1
| #define HAVE_GETOPT_H 1
| #define HAVE_SYS_MMAN_H 1
| #define HAVE_SYS_STAT_H 1
| #define HAVE_SYS_TYPES_H 1
| #define HAVE_SYS_UTIME_H 1
| #define HAVE_SYS_TIME_H 1
| #define HAVE_ZLIB_H 1
| #define HAVE_STRUCT_STAT_ST_RDEV 1
| /* end confdefs.h.  */
| #include <sys/types.h>
| #include <time.h>
| int
| main ()
| {
| struct tm tm; tm.tm_zone;
|   ;
|   return 0;
| }
configure:22217: result: no
configure:22226: checking for tzname
configure:22255: CC -o conftest -g   conftest.c  >&5
"conftest.c", line 52: Error: The function "atoi" must have a prototype.
1 Error(s) detected.
configure:22261: $? = 1
configure: failed program was:
| /* confdefs.h.  */
| #define PACKAGE_NAME "file"
| #define PACKAGE_TARNAME "file"
| #define PACKAGE_VERSION "4.26"
| #define PACKAGE_STRING "file 4.26"
| #define PACKAGE_BUGREPORT "christos@astron.com"
| #define PACKAGE "file"
| #define VERSION "4.26"
| #define BUILTIN_ELF 1
| #define ELFCORE 1
| #define _GNU_SOURCE 1
| #define STDC_HEADERS 1
| #define HAVE_SYS_TYPES_H 1
| #define HAVE_SYS_STAT_H 1
| #define HAVE_STDLIB_H 1
| #define HAVE_STRING_H 1
| #define HAVE_MEMORY_H 1
| #define HAVE_STRINGS_H 1
| #define HAVE_INTTYPES_H 1
| #define HAVE_STDINT_H 1
| #define HAVE_UNISTD_H 1
| #define HAVE_DLFCN_H 1
| #define STDC_HEADERS 1
| #define MAJOR_IN_MKDEV 1
| #define HAVE_SYS_WAIT_H 1
| #define HAVE_STDINT_H 1
| #define HAVE_FCNTL_H 1
| #define HAVE_LOCALE_H 1
| #define HAVE_STDINT_H 1
| #define HAVE_INTTYPES_H 1
| #define HAVE_UNISTD_H 1
| #define HAVE_UTIME_H 1
| #define HAVE_WCHAR_H 1
| #define HAVE_WCTYPE_H 1
| #define HAVE_LIMITS_H 1
| #define HAVE_GETOPT_H 1
| #define HAVE_SYS_MMAN_H 1
| #define HAVE_SYS_STAT_H 1
| #define HAVE_SYS_TYPES_H 1
| #define HAVE_SYS_UTIME_H 1
| #define HAVE_SYS_TIME_H 1
| #define HAVE_ZLIB_H 1
| #define HAVE_STRUCT_STAT_ST_RDEV 1
| /* end confdefs.h.  */
| #include <time.h>
| #ifndef tzname /* For SGI.  */
| extern char *tzname[]; /* RS6000 and others reject char **tzname.  */
| #endif
| int
| main ()
| {
| atoi(*tzname);
|   ;
|   return 0;
| }
configure:22278: result: no
configure:22288: checking for tm_isdst in struct tm
configure:22315: CC -c -g  conftest.c >&5
"conftest.c", line 50: Warning: The variable tm has not yet been assigned a value.
1 Warning(s) detected.
configure:22321: $? = 0
configure:22336: result: yes
configure:22345: checking for daylight
configure:22374: CC -o conftest -g   conftest.c  >&5
"conftest.c", line 53: Error: The function "atoi" must have a prototype.
1 Error(s) detected.
configure:22380: $? = 1
configure: failed program was:
| /* confdefs.h.  */
| #define PACKAGE_NAME "file"
| #define PACKAGE_TARNAME "file"
| #define PACKAGE_VERSION "4.26"
| #define PACKAGE_STRING "file 4.26"
| #define PACKAGE_BUGREPORT "christos@astron.com"
| #define PACKAGE "file"
| #define VERSION "4.26"
| #define BUILTIN_ELF 1
| #define ELFCORE 1
| #define _GNU_SOURCE 1
| #define STDC_HEADERS 1
| #define HAVE_SYS_TYPES_H 1
| #define HAVE_SYS_STAT_H 1
| #define HAVE_STDLIB_H 1
| #define HAVE_STRING_H 1
| #define HAVE_MEMORY_H 1
| #define HAVE_STRINGS_H 1
| #define HAVE_INTTYPES_H 1
| #define HAVE_STDINT_H 1
| #define HAVE_UNISTD_H 1
| #define HAVE_DLFCN_H 1
| #define STDC_HEADERS 1
| #define MAJOR_IN_MKDEV 1
| #define HAVE_SYS_WAIT_H 1
| #define HAVE_STDINT_H 1
| #define HAVE_FCNTL_H 1
| #define HAVE_LOCALE_H 1
| #define HAVE_STDINT_H 1
| #define HAVE_INTTYPES_H 1
| #define HAVE_UNISTD_H 1
| #define HAVE_UTIME_H 1
| #define HAVE_WCHAR_H 1
| #define HAVE_WCTYPE_H 1
| #define HAVE_LIMITS_H 1
| #define HAVE_GETOPT_H 1
| #define HAVE_SYS_MMAN_H 1
| #define HAVE_SYS_STAT_H 1
| #define HAVE_SYS_TYPES_H 1
| #define HAVE_SYS_UTIME_H 1
| #define HAVE_SYS_TIME_H 1
| #define HAVE_ZLIB_H 1
| #define HAVE_STRUCT_STAT_ST_RDEV 1
| #define HAVE_TM_ISDST 1
| /* end confdefs.h.  */
| #include <time.h>
| #ifndef daylight /* In case IRIX #defines this, too  */
| extern int daylight;
| #endif
| int
| main ()
| {
| atoi(daylight);
|   ;
|   return 0;
| }
configure:22397: result: no
configure:22414: checking for special C compiler options needed for large files
configure:22454: CC -c -g  conftest.c >&5
"conftest.c", line 52: Warning: Shift count is too large.
"conftest.c", line 52: Warning: Shift count is too large.
"conftest.c", line 53: Warning: Shift count is too large.
"conftest.c", line 53: Warning: Shift count is too large.
"conftest.c", line 54: Error: The size in an array declaration cannot be negative.
1 Error(s) and 4 Warning(s) detected.
configure:22460: $? = 1
configure: failed program was:
| /* confdefs.h.  */
| #define PACKAGE_NAME "file"
| #define PACKAGE_TARNAME "file"
| #define PACKAGE_VERSION "4.26"
| #define PACKAGE_STRING "file 4.26"
| #define PACKAGE_BUGREPORT "christos@astron.com"
| #define PACKAGE "file"
| #define VERSION "4.26"
| #define BUILTIN_ELF 1
| #define ELFCORE 1
| #define _GNU_SOURCE 1
| #define STDC_HEADERS 1
| #define HAVE_SYS_TYPES_H 1
| #define HAVE_SYS_STAT_H 1
| #define HAVE_STDLIB_H 1
| #define HAVE_STRING_H 1
| #define HAVE_MEMORY_H 1
| #define HAVE_STRINGS_H 1
| #define HAVE_INTTYPES_H 1
| #define HAVE_STDINT_H 1
| #define HAVE_UNISTD_H 1
| #define HAVE_DLFCN_H 1
| #define STDC_HEADERS 1
| #define MAJOR_IN_MKDEV 1
| #define HAVE_SYS_WAIT_H 1
| #define HAVE_STDINT_H 1
| #define HAVE_FCNTL_H 1
| #define HAVE_LOCALE_H 1
| #define HAVE_STDINT_H 1
| #define HAVE_INTTYPES_H 1
| #define HAVE_UNISTD_H 1
| #define HAVE_UTIME_H 1
| #define HAVE_WCHAR_H 1
| #define HAVE_WCTYPE_H 1
| #define HAVE_LIMITS_H 1
| #define HAVE_GETOPT_H 1
| #define HAVE_SYS_MMAN_H 1
| #define HAVE_SYS_STAT_H 1
| #define HAVE_SYS_TYPES_H 1
| #define HAVE_SYS_UTIME_H 1
| #define HAVE_SYS_TIME_H 1
| #define HAVE_ZLIB_H 1
| #define HAVE_STRUCT_STAT_ST_RDEV 1
| #define HAVE_TM_ISDST 1
| /* end confdefs.h.  */
| #include <sys/types.h>
|  /* Check that off_t can represent 2**63 - 1 correctly.
|     We can't simply define LARGE_OFF_T to be 9223372036854775807,
|     since some C++ compilers masquerading as C compilers
|     incorrectly reject 9223372036854775807.  */
| #define LARGE_OFF_T (((off_t) 1 << 62) - 1 + ((off_t) 1 << 62))
|   int off_t_is_large[(LARGE_OFF_T % 2147483629 == 721
| 		       && LARGE_OFF_T % 2147483647 == 1)
| 		      ? 1 : -1];
| int
| main ()
| {
| 
|   ;
|   return 0;
| }
configure:22481: CC -n32 -c -g  conftest.c >&5
CC: Warning: Option -n32 passed to ld, if ld is invoked, ignored otherwise
"conftest.c", line 52: Warning: Shift count is too large.
"conftest.c", line 52: Warning: Shift count is too large.
"conftest.c", line 53: Warning: Shift count is too large.
"conftest.c", line 53: Warning: Shift count is too large.
"conftest.c", line 54: Error: The size in an array declaration cannot be negative.
1 Error(s) and 4 Warning(s) detected.
configure:22487: $? = 1
configure: failed program was:
| /* confdefs.h.  */
| #define PACKAGE_NAME "file"
| #define PACKAGE_TARNAME "file"
| #define PACKAGE_VERSION "4.26"
| #define PACKAGE_STRING "file 4.26"
| #define PACKAGE_BUGREPORT "christos@astron.com"
| #define PACKAGE "file"
| #define VERSION "4.26"
| #define BUILTIN_ELF 1
| #define ELFCORE 1
| #define _GNU_SOURCE 1
| #define STDC_HEADERS 1
| #define HAVE_SYS_TYPES_H 1
| #define HAVE_SYS_STAT_H 1
| #define HAVE_STDLIB_H 1
| #define HAVE_STRING_H 1
| #define HAVE_MEMORY_H 1
| #define HAVE_STRINGS_H 1
| #define HAVE_INTTYPES_H 1
| #define HAVE_STDINT_H 1
| #define HAVE_UNISTD_H 1
| #define HAVE_DLFCN_H 1
| #define STDC_HEADERS 1
| #define MAJOR_IN_MKDEV 1
| #define HAVE_SYS_WAIT_H 1
| #define HAVE_STDINT_H 1
| #define HAVE_FCNTL_H 1
| #define HAVE_LOCALE_H 1
| #define HAVE_STDINT_H 1
| #define HAVE_INTTYPES_H 1
| #define HAVE_UNISTD_H 1
| #define HAVE_UTIME_H 1
| #define HAVE_WCHAR_H 1
| #define HAVE_WCTYPE_H 1
| #define HAVE_LIMITS_H 1
| #define HAVE_GETOPT_H 1
| #define HAVE_SYS_MMAN_H 1
| #define HAVE_SYS_STAT_H 1
| #define HAVE_SYS_TYPES_H 1
| #define HAVE_SYS_UTIME_H 1
| #define HAVE_SYS_TIME_H 1
| #define HAVE_ZLIB_H 1
| #define HAVE_STRUCT_STAT_ST_RDEV 1
| #define HAVE_TM_ISDST 1
| /* end confdefs.h.  */
| #include <sys/types.h>
|  /* Check that off_t can represent 2**63 - 1 correctly.
|     We can't simply define LARGE_OFF_T to be 9223372036854775807,
|     since some C++ compilers masquerading as C compilers
|     incorrectly reject 9223372036854775807.  */
| #define LARGE_OFF_T (((off_t) 1 << 62) - 1 + ((off_t) 1 << 62))
|   int off_t_is_large[(LARGE_OFF_T % 2147483629 == 721
| 		       && LARGE_OFF_T % 2147483647 == 1)
| 		      ? 1 : -1];
| int
| main ()
| {
| 
|   ;
|   return 0;
| }
configure:22507: result: no
configure:22513: checking for _FILE_OFFSET_BITS value needed for large files
configure:22548: CC -c -g  conftest.c >&5
"conftest.c", line 52: Warning: Shift count is too large.
"conftest.c", line 52: Warning: Shift count is too large.
"conftest.c", line 53: Warning: Shift count is too large.
"conftest.c", line 53: Warning: Shift count is too large.
"conftest.c", line 54: Error: The size in an array declaration cannot be negative.
1 Error(s) and 4 Warning(s) detected.
configure:22554: $? = 1
configure: failed program was:
| /* confdefs.h.  */
| #define PACKAGE_NAME "file"
| #define PACKAGE_TARNAME "file"
| #define PACKAGE_VERSION "4.26"
| #define PACKAGE_STRING "file 4.26"
| #define PACKAGE_BUGREPORT "christos@astron.com"
| #define PACKAGE "file"
| #define VERSION "4.26"
| #define BUILTIN_ELF 1
| #define ELFCORE 1
| #define _GNU_SOURCE 1
| #define STDC_HEADERS 1
| #define HAVE_SYS_TYPES_H 1
| #define HAVE_SYS_STAT_H 1
| #define HAVE_STDLIB_H 1
| #define HAVE_STRING_H 1
| #define HAVE_MEMORY_H 1
| #define HAVE_STRINGS_H 1
| #define HAVE_INTTYPES_H 1
| #define HAVE_STDINT_H 1
| #define HAVE_UNISTD_H 1
| #define HAVE_DLFCN_H 1
| #define STDC_HEADERS 1
| #define MAJOR_IN_MKDEV 1
| #define HAVE_SYS_WAIT_H 1
| #define HAVE_STDINT_H 1
| #define HAVE_FCNTL_H 1
| #define HAVE_LOCALE_H 1
| #define HAVE_STDINT_H 1
| #define HAVE_INTTYPES_H 1
| #define HAVE_UNISTD_H 1
| #define HAVE_UTIME_H 1
| #define HAVE_WCHAR_H 1
| #define HAVE_WCTYPE_H 1
| #define HAVE_LIMITS_H 1
| #define HAVE_GETOPT_H 1
| #define HAVE_SYS_MMAN_H 1
| #define HAVE_SYS_STAT_H 1
| #define HAVE_SYS_TYPES_H 1
| #define HAVE_SYS_UTIME_H 1
| #define HAVE_SYS_TIME_H 1
| #define HAVE_ZLIB_H 1
| #define HAVE_STRUCT_STAT_ST_RDEV 1
| #define HAVE_TM_ISDST 1
| /* end confdefs.h.  */
| #include <sys/types.h>
|  /* Check that off_t can represent 2**63 - 1 correctly.
|     We can't simply define LARGE_OFF_T to be 9223372036854775807,
|     since some C++ compilers masquerading as C compilers
|     incorrectly reject 9223372036854775807.  */
| #define LARGE_OFF_T (((off_t) 1 << 62) - 1 + ((off_t) 1 << 62))
|   int off_t_is_large[(LARGE_OFF_T % 2147483629 == 721
| 		       && LARGE_OFF_T % 2147483647 == 1)
| 		      ? 1 : -1];
| int
| main ()
| {
| 
|   ;
|   return 0;
| }
configure:22598: CC -c -g  conftest.c >&5
configure:22604: $? = 0
configure:22622: result: 64
configure:22757: checking for _LARGEFILE_SOURCE value needed for large files
configure:22784: CC -o conftest -g   conftest.c  >&5
configure:22790: $? = 0
configure:22854: result: no
configure:22877: checking for mbstate_t
configure:22904: CC -c -g  conftest.c >&5
configure:22910: $? = 0
configure:22925: result: yes
configure:22941: checking for uint8_t
configure:22971: CC -c -g  conftest.c >&5
configure:22977: $? = 0
configure:22992: result: yes
configure:23002: checking for uint16_t
configure:23032: CC -c -g  conftest.c >&5
configure:23038: $? = 0
configure:23053: result: yes
configure:23063: checking for uint32_t
configure:23093: CC -c -g  conftest.c >&5
configure:23099: $? = 0
configure:23114: result: yes
configure:23124: checking for int32_t
configure:23154: CC -c -g  conftest.c >&5
configure:23160: $? = 0
configure:23175: result: yes
configure:23185: checking for uint64_t
configure:23215: CC -c -g  conftest.c >&5
configure:23221: $? = 0
configure:23236: result: yes
configure:23246: checking for int64_t
configure:23276: CC -c -g  conftest.c >&5
configure:23282: $? = 0
configure:23297: result: yes
configure:23308: checking for long long
configure:23338: CC -c -g  conftest.c >&5
configure:23344: $? = 0
configure:23359: result: yes
configure:23366: checking size of long long
configure:23668: CC -o conftest -g   conftest.c  >&5
configure:23671: $? = 0
configure:23677: ./conftest
configure:23680: $? = 0
configure:23703: result: 8
configure:23716: checking for gcc compiler warnings
configure:23739: result: yes
configure:23762: checking for mmap
configure:23818: CC -o conftest -g   conftest.c  >&5
configure:23824: $? = 0
configure:23842: result: yes
configure:23762: checking for strerror
configure:23818: CC -o conftest -g   conftest.c  >&5
configure:23824: $? = 0
configure:23842: result: yes
configure:23762: checking for strndup
configure:23818: CC -o conftest -g   conftest.c  >&5
Undefined			first referenced
 symbol  			    in file
strndup                             conftest.o
ld: fatal: Symbol referencing errors. No output written to conftest
configure:23824: $? = 1
configure: failed program was:
| /* confdefs.h.  */
| #define PACKAGE_NAME "file"
| #define PACKAGE_TARNAME "file"
| #define PACKAGE_VERSION "4.26"
| #define PACKAGE_STRING "file 4.26"
| #define PACKAGE_BUGREPORT "christos@astron.com"
| #define PACKAGE "file"
| #define VERSION "4.26"
| #define BUILTIN_ELF 1
| #define ELFCORE 1
| #define _GNU_SOURCE 1
| #define STDC_HEADERS 1
| #define HAVE_SYS_TYPES_H 1
| #define HAVE_SYS_STAT_H 1
| #define HAVE_STDLIB_H 1
| #define HAVE_STRING_H 1
| #define HAVE_MEMORY_H 1
| #define HAVE_STRINGS_H 1
| #define HAVE_INTTYPES_H 1
| #define HAVE_STDINT_H 1
| #define HAVE_UNISTD_H 1
| #define HAVE_DLFCN_H 1
| #define STDC_HEADERS 1
| #define MAJOR_IN_MKDEV 1
| #define HAVE_SYS_WAIT_H 1
| #define HAVE_STDINT_H 1
| #define HAVE_FCNTL_H 1
| #define HAVE_LOCALE_H 1
| #define HAVE_STDINT_H 1
| #define HAVE_INTTYPES_H 1
| #define HAVE_UNISTD_H 1
| #define HAVE_UTIME_H 1
| #define HAVE_WCHAR_H 1
| #define HAVE_WCTYPE_H 1
| #define HAVE_LIMITS_H 1
| #define HAVE_GETOPT_H 1
| #define HAVE_SYS_MMAN_H 1
| #define HAVE_SYS_STAT_H 1
| #define HAVE_SYS_TYPES_H 1
| #define HAVE_SYS_UTIME_H 1
| #define HAVE_SYS_TIME_H 1
| #define HAVE_ZLIB_H 1
| #define HAVE_STRUCT_STAT_ST_RDEV 1
| #define HAVE_TM_ISDST 1
| #define _FILE_OFFSET_BITS 64
| #define HAVE_FSEEKO 1
| #define HAVE_MBSTATE_T 1
| #define HAVE_UINT8_T 1
| #define HAVE_UINT16_T 1
| #define HAVE_UINT32_T 1
| #define HAVE_INT32_T 1
| #define HAVE_UINT64_T 1
| #define HAVE_INT64_T 1
| #define SIZEOF_LONG_LONG 8
| #define HAVE_MMAP 1
| #define HAVE_STRERROR 1
| /* end confdefs.h.  */
| /* Define strndup to an innocuous variant, in case <limits.h> declares strndup.
|    For example, HP-UX 11i <limits.h> declares gettimeofday.  */
| #define strndup innocuous_strndup
| 
| /* System header to define __stub macros and hopefully few prototypes,
|     which can conflict with char strndup (); below.
|     Prefer <limits.h> to <assert.h> if __STDC__ is defined, since
|     <limits.h> exists even on freestanding compilers.  */
| 
| #ifdef __STDC__
| # include <limits.h>
| #else
| # include <assert.h>
| #endif
| 
| #undef strndup
| 
| /* Override any GCC internal prototype to avoid an error.
|    Use char because int might match the return type of a GCC
|    builtin and then its argument prototype would still apply.  */
| #ifdef __cplusplus
| extern "C"
| #endif
| char strndup ();
| /* The GNU C library defines this for functions which it implements
|     to always fail with ENOSYS.  Some functions are actually named
|     something starting with __ and the normal name is an alias.  */
| #if defined __stub_strndup || defined __stub___strndup
| choke me
| #endif
| 
| int
| main ()
| {
| return strndup ();
|   ;
|   return 0;
| }
configure:23842: result: no
configure:23762: checking for strtoul
configure:23818: CC -o conftest -g   conftest.c  >&5
configure:23824: $? = 0
configure:23842: result: yes
configure:23762: checking for mbrtowc
configure:23818: CC -o conftest -g   conftest.c  >&5
configure:23824: $? = 0
configure:23842: result: yes
configure:23762: checking for mkstemp
configure:23818: CC -o conftest -g   conftest.c  >&5
configure:23824: $? = 0
configure:23842: result: yes
configure:23762: checking for utimes
configure:23818: CC -o conftest -g   conftest.c  >&5
configure:23824: $? = 0
configure:23842: result: yes
configure:23762: checking for utime
configure:23818: CC -o conftest -g   conftest.c  >&5
configure:23824: $? = 0
configure:23842: result: yes
configure:23762: checking for wcwidth
configure:23818: CC -o conftest -g   conftest.c  >&5
configure:23824: $? = 0
configure:23842: result: yes
configure:23762: checking for strtof
configure:23818: CC -o conftest -g   conftest.c  >&5
configure:23824: $? = 0
configure:23842: result: yes
configure:23859: checking for getopt_long
configure:23915: CC -o conftest -g   conftest.c  >&5
configure:23921: $? = 0
configure:23939: result: yes
configure:23859: checking for asprintf
configure:23915: CC -o conftest -g   conftest.c  >&5
Undefined			first referenced
 symbol  			    in file
asprintf                            conftest.o
ld: fatal: Symbol referencing errors. No output written to conftest
configure:23921: $? = 1
configure: failed program was:
| /* confdefs.h.  */
| #define PACKAGE_NAME "file"
| #define PACKAGE_TARNAME "file"
| #define PACKAGE_VERSION "4.26"
| #define PACKAGE_STRING "file 4.26"
| #define PACKAGE_BUGREPORT "christos@astron.com"
| #define PACKAGE "file"
| #define VERSION "4.26"
| #define BUILTIN_ELF 1
| #define ELFCORE 1
| #define _GNU_SOURCE 1
| #define STDC_HEADERS 1
| #define HAVE_SYS_TYPES_H 1
| #define HAVE_SYS_STAT_H 1
| #define HAVE_STDLIB_H 1
| #define HAVE_STRING_H 1
| #define HAVE_MEMORY_H 1
| #define HAVE_STRINGS_H 1
| #define HAVE_INTTYPES_H 1
| #define HAVE_STDINT_H 1
| #define HAVE_UNISTD_H 1
| #define HAVE_DLFCN_H 1
| #define STDC_HEADERS 1
| #define MAJOR_IN_MKDEV 1
| #define HAVE_SYS_WAIT_H 1
| #define HAVE_STDINT_H 1
| #define HAVE_FCNTL_H 1
| #define HAVE_LOCALE_H 1
| #define HAVE_STDINT_H 1
| #define HAVE_INTTYPES_H 1
| #define HAVE_UNISTD_H 1
| #define HAVE_UTIME_H 1
| #define HAVE_WCHAR_H 1
| #define HAVE_WCTYPE_H 1
| #define HAVE_LIMITS_H 1
| #define HAVE_GETOPT_H 1
| #define HAVE_SYS_MMAN_H 1
| #define HAVE_SYS_STAT_H 1
| #define HAVE_SYS_TYPES_H 1
| #define HAVE_SYS_UTIME_H 1
| #define HAVE_SYS_TIME_H 1
| #define HAVE_ZLIB_H 1
| #define HAVE_STRUCT_STAT_ST_RDEV 1
| #define HAVE_TM_ISDST 1
| #define _FILE_OFFSET_BITS 64
| #define HAVE_FSEEKO 1
| #define HAVE_MBSTATE_T 1
| #define HAVE_UINT8_T 1
| #define HAVE_UINT16_T 1
| #define HAVE_UINT32_T 1
| #define HAVE_INT32_T 1
| #define HAVE_UINT64_T 1
| #define HAVE_INT64_T 1
| #define SIZEOF_LONG_LONG 8
| #define HAVE_MMAP 1
| #define HAVE_STRERROR 1
| #define HAVE_STRTOUL 1
| #define HAVE_MBRTOWC 1
| #define HAVE_MKSTEMP 1
| #define HAVE_UTIMES 1
| #define HAVE_UTIME 1
| #define HAVE_WCWIDTH 1
| #define HAVE_STRTOF 1
| #define HAVE_GETOPT_LONG 1
| /* end confdefs.h.  */
| /* Define asprintf to an innocuous variant, in case <limits.h> declares asprintf.
|    For example, HP-UX 11i <limits.h> declares gettimeofday.  */
| #define asprintf innocuous_asprintf
| 
| /* System header to define __stub macros and hopefully few prototypes,
|     which can conflict with char asprintf (); below.
|     Prefer <limits.h> to <assert.h> if __STDC__ is defined, since
|     <limits.h> exists even on freestanding compilers.  */
| 
| #ifdef __STDC__
| # include <limits.h>
| #else
| # include <assert.h>
| #endif
| 
| #undef asprintf
| 
| /* Override any GCC internal prototype to avoid an error.
|    Use char because int might match the return type of a GCC
|    builtin and then its argument prototype would still apply.  */
| #ifdef __cplusplus
| extern "C"
| #endif
| char asprintf ();
| /* The GNU C library defines this for functions which it implements
|     to always fail with ENOSYS.  Some functions are actually named
|     something starting with __ and the normal name is an alias.  */
| #if defined __stub_asprintf || defined __stub___asprintf
| choke me
| #endif
| 
| int
| main ()
| {
| return asprintf ();
|   ;
|   return 0;
| }
configure:23939: result: no
configure:23859: checking for vasprintf
configure:23915: CC -o conftest -g   conftest.c  >&5
Undefined			first referenced
 symbol  			    in file
vasprintf                           conftest.o
ld: fatal: Symbol referencing errors. No output written to conftest
configure:23921: $? = 1
configure: failed program was:
| /* confdefs.h.  */
| #define PACKAGE_NAME "file"
| #define PACKAGE_TARNAME "file"
| #define PACKAGE_VERSION "4.26"
| #define PACKAGE_STRING "file 4.26"
| #define PACKAGE_BUGREPORT "christos@astron.com"
| #define PACKAGE "file"
| #define VERSION "4.26"
| #define BUILTIN_ELF 1
| #define ELFCORE 1
| #define _GNU_SOURCE 1
| #define STDC_HEADERS 1
| #define HAVE_SYS_TYPES_H 1
| #define HAVE_SYS_STAT_H 1
| #define HAVE_STDLIB_H 1
| #define HAVE_STRING_H 1
| #define HAVE_MEMORY_H 1
| #define HAVE_STRINGS_H 1
| #define HAVE_INTTYPES_H 1
| #define HAVE_STDINT_H 1
| #define HAVE_UNISTD_H 1
| #define HAVE_DLFCN_H 1
| #define STDC_HEADERS 1
| #define MAJOR_IN_MKDEV 1
| #define HAVE_SYS_WAIT_H 1
| #define HAVE_STDINT_H 1
| #define HAVE_FCNTL_H 1
| #define HAVE_LOCALE_H 1
| #define HAVE_STDINT_H 1
| #define HAVE_INTTYPES_H 1
| #define HAVE_UNISTD_H 1
| #define HAVE_UTIME_H 1
| #define HAVE_WCHAR_H 1
| #define HAVE_WCTYPE_H 1
| #define HAVE_LIMITS_H 1
| #define HAVE_GETOPT_H 1
| #define HAVE_SYS_MMAN_H 1
| #define HAVE_SYS_STAT_H 1
| #define HAVE_SYS_TYPES_H 1
| #define HAVE_SYS_UTIME_H 1
| #define HAVE_SYS_TIME_H 1
| #define HAVE_ZLIB_H 1
| #define HAVE_STRUCT_STAT_ST_RDEV 1
| #define HAVE_TM_ISDST 1
| #define _FILE_OFFSET_BITS 64
| #define HAVE_FSEEKO 1
| #define HAVE_MBSTATE_T 1
| #define HAVE_UINT8_T 1
| #define HAVE_UINT16_T 1
| #define HAVE_UINT32_T 1
| #define HAVE_INT32_T 1
| #define HAVE_UINT64_T 1
| #define HAVE_INT64_T 1
| #define SIZEOF_LONG_LONG 8
| #define HAVE_MMAP 1
| #define HAVE_STRERROR 1
| #define HAVE_STRTOUL 1
| #define HAVE_MBRTOWC 1
| #define HAVE_MKSTEMP 1
| #define HAVE_UTIMES 1
| #define HAVE_UTIME 1
| #define HAVE_WCWIDTH 1
| #define HAVE_STRTOF 1
| #define HAVE_GETOPT_LONG 1
| /* end confdefs.h.  */
| /* Define vasprintf to an innocuous variant, in case <limits.h> declares vasprintf.
|    For example, HP-UX 11i <limits.h> declares gettimeofday.  */
| #define vasprintf innocuous_vasprintf
| 
| /* System header to define __stub macros and hopefully few prototypes,
|     which can conflict with char vasprintf (); below.
|     Prefer <limits.h> to <assert.h> if __STDC__ is defined, since
|     <limits.h> exists even on freestanding compilers.  */
| 
| #ifdef __STDC__
| # include <limits.h>
| #else
| # include <assert.h>
| #endif
| 
| #undef vasprintf
| 
| /* Override any GCC internal prototype to avoid an error.
|    Use char because int might match the return type of a GCC
|    builtin and then its argument prototype would still apply.  */
| #ifdef __cplusplus
| extern "C"
| #endif
| char vasprintf ();
| /* The GNU C library defines this for functions which it implements
|     to always fail with ENOSYS.  Some functions are actually named
|     something starting with __ and the normal name is an alias.  */
| #if defined __stub_vasprintf || defined __stub___vasprintf
| choke me
| #endif
| 
| int
| main ()
| {
| return vasprintf ();
|   ;
|   return 0;
| }
configure:23939: result: no
configure:23959: checking for gzopen in -lz
configure:23994: CC -o conftest -g   conftest.c -lz   >&5
configure:24000: $? = 0
configure:24018: result: yes
configure:24176: creating ./config.status

## ---------------------- ##
## Running config.status. ##
## ---------------------- ##

This file was extended by file config.status 4.26, which was
generated by GNU Autoconf 2.61.  Invocation command line was

  CONFIG_FILES    = 
  CONFIG_HEADERS  = 
  CONFIG_LINKS    = 
  CONFIG_COMMANDS = 
  $ ./config.status 

on bubbles

config.status:672: creating Makefile
config.status:672: creating src/Makefile
config.status:672: creating magic/Makefile
config.status:672: creating tests/Makefile
config.status:672: creating doc/Makefile
config.status:672: creating python/Makefile
config.status:672: creating config.h
config.status:999: executing depfiles commands

## ---------------- ##
## Cache variables. ##
## ---------------- ##

ac_cv_build=i386-pc-solaris2.10
ac_cv_c_compiler_gnu=no
ac_cv_c_const=yes
ac_cv_cxx_compiler_gnu=yes
ac_cv_env_CCC_set=
ac_cv_env_CCC_value=
ac_cv_env_CC_set=set
ac_cv_env_CC_value=CC
ac_cv_env_CFLAGS_set=
ac_cv_env_CFLAGS_value=
ac_cv_env_CPPFLAGS_set=
ac_cv_env_CPPFLAGS_value=
ac_cv_env_CPP_set=
ac_cv_env_CPP_value=
ac_cv_env_CXXCPP_set=
ac_cv_env_CXXCPP_value=
ac_cv_env_CXXFLAGS_set=
ac_cv_env_CXXFLAGS_value=
ac_cv_env_CXX_set=
ac_cv_env_CXX_value=
ac_cv_env_F77_set=
ac_cv_env_F77_value=
ac_cv_env_FFLAGS_set=
ac_cv_env_FFLAGS_value=
ac_cv_env_LDFLAGS_set=
ac_cv_env_LDFLAGS_value=
ac_cv_env_LIBS_set=
ac_cv_env_LIBS_value=
ac_cv_env_build_alias_set=
ac_cv_env_build_alias_value=
ac_cv_env_host_alias_set=
ac_cv_env_host_alias_value=
ac_cv_env_target_alias_set=
ac_cv_env_target_alias_value=
ac_cv_f77_compiler_gnu=yes
ac_cv_func_asprintf=no
ac_cv_func_getopt_long=yes
ac_cv_func_mbrtowc=yes
ac_cv_func_mkstemp=yes
ac_cv_func_mmap=yes
ac_cv_func_strerror=yes
ac_cv_func_strndup=no
ac_cv_func_strtof=yes
ac_cv_func_strtoul=yes
ac_cv_func_utime=yes
ac_cv_func_utimes=yes
ac_cv_func_vasprintf=no
ac_cv_func_wcwidth=yes
ac_cv_header_dlfcn_h=yes
ac_cv_header_err_h=no
ac_cv_header_fcntl_h=yes
ac_cv_header_getopt_h=yes
ac_cv_header_inttypes_h=yes
ac_cv_header_limits_h=yes
ac_cv_header_locale_h=yes
ac_cv_header_memory_h=yes
ac_cv_header_stdc=yes
ac_cv_header_stdint_h=yes
ac_cv_header_stdlib_h=yes
ac_cv_header_string_h=yes
ac_cv_header_strings_h=yes
ac_cv_header_sys_mkdev_h=yes
ac_cv_header_sys_mman_h=yes
ac_cv_header_sys_stat_h=yes
ac_cv_header_sys_time_h=yes
ac_cv_header_sys_types_h=yes
ac_cv_header_sys_types_h_makedev=no
ac_cv_header_sys_utime_h=yes
ac_cv_header_sys_wait_h=yes
ac_cv_header_unistd_h=yes
ac_cv_header_utime_h=yes
ac_cv_header_wchar_h=yes
ac_cv_header_wctype_h=yes
ac_cv_header_zlib_h=yes
ac_cv_host=i386-pc-solaris2.10
ac_cv_lib_z_gzopen=yes
ac_cv_member_struct_stat_st_rdev=yes
ac_cv_objext=o
ac_cv_path_EGREP='/usr/xpg4/bin/grep -E'
ac_cv_path_GREP=/usr/xpg4/bin/grep
ac_cv_prog_AWK=nawk
ac_cv_prog_CPP='CC -E'
ac_cv_prog_CXXCPP='g++ -E'
ac_cv_prog_ac_ct_AR=ar
ac_cv_prog_ac_ct_CC=CC
ac_cv_prog_ac_ct_CXX=g++
ac_cv_prog_ac_ct_F77=g77
ac_cv_prog_ac_ct_RANLIB=ranlib
ac_cv_prog_ac_ct_STRIP=strip
ac_cv_prog_cc_CC_c_o=yes
ac_cv_prog_cc_c89=no
ac_cv_prog_cc_g=yes
ac_cv_prog_cxx_g=yes
ac_cv_prog_f77_g=yes
ac_cv_prog_make_make_set=yes
ac_cv_sizeof_long_long=8
ac_cv_struct_tm=time.h
ac_cv_struct_tm_isdst=yes
ac_cv_struct_tm_zone=no
ac_cv_sys_file_offset_bits=64
ac_cv_sys_largefile_CC=no
ac_cv_sys_largefile_source=no
ac_cv_type_int32_t=yes
ac_cv_type_int64_t=yes
ac_cv_type_long_long=yes
ac_cv_type_mbstate_t=yes
ac_cv_type_off_t=yes
ac_cv_type_size_t=yes
ac_cv_type_uint16_t=yes
ac_cv_type_uint32_t=yes
ac_cv_type_uint64_t=yes
ac_cv_type_uint8_t=yes
ac_cv_var_daylight=no
ac_cv_var_tzname=no
am_cv_CC_dependencies_compiler_type=none
am_cv_CXX_dependencies_compiler_type=gcc3
lt_cv_deplibs_check_method=pass_all
lt_cv_file_magic_cmd='$MAGIC_CMD'
lt_cv_file_magic_test_file=
lt_cv_ld_reload_flag=-r
lt_cv_objdir=.libs
lt_cv_path_LD=/usr/ccs/bin/ld
lt_cv_path_LDCXX=/usr/ccs/bin/ld
lt_cv_path_NM='/usr/ccs/bin/nm -p'
lt_cv_path_SED=/usr/bin/sed
lt_cv_prog_compiler_c_o=yes
lt_cv_prog_compiler_c_o_CXX=yes
lt_cv_prog_compiler_c_o_F77=yes
lt_cv_prog_gnu_ld=no
lt_cv_prog_gnu_ldcxx=no
lt_cv_sys_global_symbol_pipe='sed -n -e '\''s/^.*[ 	]\([BDRT][BDRT]*\)[ 	][ 	]*\([_A-Za-z][_A-Za-z0-9]*\)$/\1 \2 \2/p'\'''
lt_cv_sys_global_symbol_to_c_name_address='sed -n -e '\''s/^: \([^ ]*\) $/  {\"\1\", (lt_ptr) 0},/p'\'' -e '\''s/^[BCDEGRST] \([^ ]*\) \([^ ]*\)$/  {"\2", (lt_ptr) \&\2},/p'\'''
lt_cv_sys_global_symbol_to_cdecl='sed -n -e '\''s/^. .* \(.*\)$/extern int \1;/p'\'''
lt_cv_sys_max_cmd_len=262144
lt_lt_cv_prog_compiler_c_o='"yes"'
lt_lt_cv_prog_compiler_c_o_CXX='"yes"'
lt_lt_cv_prog_compiler_c_o_F77='"yes"'
lt_lt_cv_sys_global_symbol_pipe='"sed -n -e '\''s/^.*[ 	]\\([BDRT][BDRT]*\\)[ 	][ 	]*\\([_A-Za-z][_A-Za-z0-9]*\\)\$/\\1 \\2 \\2/p'\''"'
lt_lt_cv_sys_global_symbol_to_c_name_address='"sed -n -e '\''s/^: \\([^ ]*\\) \$/  {\\\"\\1\\\", (lt_ptr) 0},/p'\'' -e '\''s/^[BCDEGRST] \\([^ ]*\\) \\([^ ]*\\)\$/  {\"\\2\", (lt_ptr) \\&\\2},/p'\''"'
lt_lt_cv_sys_global_symbol_to_cdecl='"sed -n -e '\''s/^. .* \\(.*\\)\$/extern int \\1;/p'\''"'

## ----------------- ##
## Output variables. ##
## ----------------- ##

ACLOCAL='${SHELL} /export/home/edz/ib/magic/file-4.26/missing --run aclocal-1.10'
AMDEPBACKSLASH='\'
AMDEP_FALSE='#'
AMDEP_TRUE=''
AMTAR='${SHELL} /export/home/edz/ib/magic/file-4.26/missing --run tar'
AR='ar'
AUTOCONF='${SHELL} /export/home/edz/ib/magic/file-4.26/missing --run autoconf'
AUTOHEADER='${SHELL} /export/home/edz/ib/magic/file-4.26/missing --run autoheader'
AUTOMAKE='${SHELL} /export/home/edz/ib/magic/file-4.26/missing --run automake-1.10'
AWK='nawk'
CC='CC'
CCDEPMODE='depmode=none'
CFLAGS='-g'
CPP='CC -E'
CPPFLAGS=''
CXX='g++'
CXXCPP='g++ -E'
CXXDEPMODE='depmode=gcc3'
CXXFLAGS='-g -O2'
CYGPATH_W='echo'
DEFS='-DHAVE_CONFIG_H'
DEPDIR='.deps'
ECHO='echo'
ECHO_C=''
ECHO_N='-n'
ECHO_T=''
EGREP='/usr/xpg4/bin/grep -E'
EXEEXT=''
F77='g77'
FFLAGS='-g -O2'
FSECT5_FALSE=''
FSECT5_TRUE='#'
GREP='/usr/xpg4/bin/grep'
INSTALL_DATA='${INSTALL} -m 644'
INSTALL_PROGRAM='${INSTALL}'
INSTALL_SCRIPT='${INSTALL}'
INSTALL_STRIP_PROGRAM='$(install_sh) -c -s'
IS_CROSS_COMPILE_FALSE=''
IS_CROSS_COMPILE_TRUE='#'
LDFLAGS=''
LIBOBJS=' ${LIBOBJDIR}asprintf$U.o ${LIBOBJDIR}vasprintf$U.o'
LIBS='-lz '
LIBTOOL='$(SHELL) $(top_builddir)/libtool'
LN_S='ln -s'
LTLIBOBJS=' ${LIBOBJDIR}asprintf$U.lo ${LIBOBJDIR}vasprintf$U.lo'
MAKEINFO='${SHELL} /export/home/edz/ib/magic/file-4.26/missing --run makeinfo'
OBJEXT='o'
PACKAGE='file'
PACKAGE_BUGREPORT='christos@astron.com'
PACKAGE_NAME='file'
PACKAGE_STRING='file 4.26'
PACKAGE_TARNAME='file'
PACKAGE_VERSION='4.26'
PATH_SEPARATOR=':'
RANLIB='ranlib'
SET_MAKE=''
SHELL='/bin/bash'
STRIP='strip'
VERSION='4.26'
WARNINGS='-Wall -Wstrict-prototypes -Wmissing-prototypes -Wpointer-arith        -Wmissing-declarations -Wredundant-decls -Wnested-externs        -Wsign-compare -Wreturn-type -Wswitch -Wshadow        -Wcast-qual -Wwrite-strings -Wextra -Wunused-parameter'
ac_ct_CC='CC'
ac_ct_CXX='g++'
ac_ct_F77='g77'
am__fastdepCC_FALSE=''
am__fastdepCC_TRUE='#'
am__fastdepCXX_FALSE='#'
am__fastdepCXX_TRUE=''
am__include='include'
am__isrc=''
am__leading_dot='.'
am__quote=''
am__tar='${AMTAR} chof - "$$tardir"'
am__untar='${AMTAR} xf -'
bindir='${exec_prefix}/bin'
build='i386-pc-solaris2.10'
build_alias=''
build_cpu='i386'
build_os='solaris2.10'
build_vendor='pc'
datadir='${datarootdir}'
datarootdir='${prefix}/share'
docdir='${datarootdir}/doc/${PACKAGE_TARNAME}'
dvidir='${docdir}'
exec_prefix='${prefix}'
fsect='4'
host='i386-pc-solaris2.10'
host_alias=''
host_cpu='i386'
host_os='solaris2.10'
host_vendor='pc'
htmldir='${docdir}'
includedir='${prefix}/include'
infodir='${datarootdir}/info'
install_sh='$(SHELL) /export/home/edz/ib/magic/file-4.26/install-sh'
libdir='${exec_prefix}/lib'
libexecdir='${exec_prefix}/libexec'
localedir='${datarootdir}/locale'
localstatedir='${prefix}/var'
mandir='${datarootdir}/man'
mkdir_p='$(top_builddir)/./install-sh -c -d'
oldincludedir='/usr/include'
pdfdir='${docdir}'
prefix='/usr/local'
program_transform_name='s,x,x,'
psdir='${docdir}'
sbindir='${exec_prefix}/sbin'
sharedstatedir='${prefix}/com'
sysconfdir='${prefix}/etc'
target_alias=''

## ----------- ##
## confdefs.h. ##
## ----------- ##

#define PACKAGE_NAME "file"
#define PACKAGE_TARNAME "file"
#define PACKAGE_VERSION "4.26"
#define PACKAGE_STRING "file 4.26"
#define PACKAGE_BUGREPORT "christos@astron.com"
#define PACKAGE "file"
#define VERSION "4.26"
#define BUILTIN_ELF 1
#define ELFCORE 1
#define _GNU_SOURCE 1
#define STDC_HEADERS 1
#define HAVE_SYS_TYPES_H 1
#define HAVE_SYS_STAT_H 1
#define HAVE_STDLIB_H 1
#define HAVE_STRING_H 1
#define HAVE_MEMORY_H 1
#define HAVE_STRINGS_H 1
#define HAVE_INTTYPES_H 1
#define HAVE_STDINT_H 1
#define HAVE_UNISTD_H 1
#define HAVE_DLFCN_H 1
#define STDC_HEADERS 1
#define MAJOR_IN_MKDEV 1
#define HAVE_SYS_WAIT_H 1
#define HAVE_STDINT_H 1
#define HAVE_FCNTL_H 1
#define HAVE_LOCALE_H 1
#define HAVE_STDINT_H 1
#define HAVE_INTTYPES_H 1
#define HAVE_UNISTD_H 1
#define HAVE_UTIME_H 1
#define HAVE_WCHAR_H 1
#define HAVE_WCTYPE_H 1
#define HAVE_LIMITS_H 1
#define HAVE_GETOPT_H 1
#define HAVE_SYS_MMAN_H 1
#define HAVE_SYS_STAT_H 1
#define HAVE_SYS_TYPES_H 1
#define HAVE_SYS_UTIME_H 1
#define HAVE_SYS_TIME_H 1
#define HAVE_ZLIB_H 1
#define HAVE_STRUCT_STAT_ST_RDEV 1
#define HAVE_TM_ISDST 1
#define _FILE_OFFSET_BITS 64
#define HAVE_FSEEKO 1
#define HAVE_MBSTATE_T 1
#define HAVE_UINT8_T 1
#define HAVE_UINT16_T 1
#define HAVE_UINT32_T 1
#define HAVE_INT32_T 1
#define HAVE_UINT64_T 1
#define HAVE_INT64_T 1
#define SIZEOF_LONG_LONG 8
#define HAVE_MMAP 1
#define HAVE_STRERROR 1
#define HAVE_STRTOUL 1
#define HAVE_MBRTOWC 1
#define HAVE_MKSTEMP 1
#define HAVE_UTIMES 1
#define HAVE_UTIME 1
#define HAVE_WCWIDTH 1
#define HAVE_STRTOF 1
#define HAVE_GETOPT_LONG 1
#define HAVE_LIBZ 1

configure: exit 0
